
2024/12/18 (17:09:11) | ===> btop++ v.1.4.0
2024/12/18 (17:09:11) | WARNING: Intel GPU: Failed to initialize PMU

2024/12/18 (17:11:15) | ===> btop++ v.1.4.0
2024/12/18 (17:11:15) | WARNING: Intel GPU: Failed to initialize PMU

2024/12/18 (17:11:36) | ===> btop++ v.1.4.0
2024/12/18 (17:11:36) | WARNING: Intel GPU: Failed to initialize PMU

2024/12/18 (17:13:09) | ===> btop++ v.1.4.0
2024/12/18 (17:13:09) | WARNING: Intel GPU: Failed to initialize PMU

2024/12/18 (17:13:37) | ===> btop++ v.1.4.0
2024/12/18 (17:13:37) | WARNING: Intel GPU: Failed to initialize PMU

2024/12/18 (17:13:56) | ===> btop++ v.1.4.0
2024/12/18 (17:13:56) | WARNING: Intel GPU: Failed to initialize PMU

2024/12/18 (17:14:03) | ===> btop++ v.1.4.0
2024/12/18 (17:14:03) | WARNING: Intel GPU: Failed to initialize PMU

2024/12/18 (17:14:41) | ===> btop++ v.1.4.0
2024/12/18 (17:14:41) | WARNING: Intel GPU: Failed to initialize PMU

2024/12/18 (17:16:00) | ===> btop++ v.1.4.0
2024/12/18 (17:16:00) | WARNING: Intel GPU: Failed to initialize PMU

2024/12/18 (17:16:38) | ===> btop++ v.1.4.0
2024/12/18 (17:16:38) | WARNING: Intel GPU: Failed to initialize PMU

2024/12/18 (21:49:57) | ===> btop++ v.1.4.0
2024/12/18 (21:49:57) | WARNING: Intel GPU: Failed to initialize PMU

2024/12/18 (22:03:53) | ===> btop++ v.1.4.0
2024/12/18 (22:03:53) | WARNING: Intel GPU: Failed to initialize PMU

2024/12/18 (22:11:28) | ===> btop++ v.1.4.0
2024/12/18 (22:11:28) | WARNING: Intel GPU: Failed to initialize PMU

2024/12/18 (22:32:15) | ===> btop++ v.1.4.0
2024/12/18 (22:32:15) | WARNING: Intel GPU: Failed to initialize PMU

2024/12/18 (22:34:07) | ===> btop++ v.1.4.0
2024/12/18 (22:34:07) | WARNING: Intel GPU: Failed to initialize PMU

2024/12/18 (22:34:17) | ===> btop++ v.1.4.0
2024/12/18 (22:34:17) | WARNING: Intel GPU: Failed to initialize PMU

2024/12/18 (22:39:34) | ===> btop++ v.1.4.0
2024/12/18 (22:39:34) | WARNING: Intel GPU: Failed to initialize PMU

2024/12/18 (22:40:45) | ===> btop++ v.1.4.0
2024/12/18 (22:40:45) | WARNING: Intel GPU: Failed to initialize PMU

2024/12/19 (15:55:12) | ===> btop++ v.1.4.0
2024/12/19 (15:55:12) | WARNING: Intel GPU: Failed to initialize PMU

2024/12/19 (15:59:31) | ===> btop++ v.1.4.0
2024/12/19 (15:59:31) | WARNING: Intel GPU: Failed to initialize PMU

2024/12/19 (19:27:31) | ===> btop++ v.1.4.0
2024/12/19 (19:27:31) | WARNING: Intel GPU: Failed to initialize PMU

2024/12/20 (00:07:50) | ===> btop++ v.1.4.0
2024/12/20 (00:07:50) | WARNING: Intel GPU: Failed to initialize PMU

2024/12/20 (00:37:03) | ===> btop++ v.1.4.0
2024/12/20 (00:37:03) | WARNING: Intel GPU: Failed to initialize PMU

2024/12/20 (13:31:05) | ===> btop++ v.1.4.0
2024/12/20 (13:31:05) | WARNING: Intel GPU: Failed to initialize PMU

2024/12/20 (13:55:13) | ===> btop++ v.1.4.0
2024/12/20 (13:55:13) | WARNING: Intel GPU: Failed to initialize PMU

2024/12/20 (14:38:57) | ===> btop++ v.1.4.0
2024/12/20 (14:38:57) | WARNING: Intel GPU: Failed to initialize PMU

2024/12/20 (22:40:51) | ===> btop++ v.1.4.0
2024/12/20 (22:40:51) | WARNING: Intel GPU: Failed to initialize PMU

2024/12/20 (23:48:40) | ===> btop++ v.1.4.0
2024/12/20 (23:48:40) | WARNING: Intel GPU: Failed to initialize PMU

2024/12/20 (23:54:52) | ===> btop++ v.1.4.0
2024/12/20 (23:54:52) | WARNING: Intel GPU: Failed to initialize PMU

2024/12/21 (00:31:37) | ===> btop++ v.1.4.0
2024/12/21 (00:31:37) | WARNING: Intel GPU: Failed to initialize PMU

2024/12/21 (00:46:02) | ===> btop++ v.1.4.0
2024/12/21 (00:46:02) | WARNING: Intel GPU: Failed to initialize PMU

2024/12/21 (01:08:19) | ===> btop++ v.1.4.0
2024/12/21 (01:08:19) | WARNING: Intel GPU: Failed to initialize PMU

2024/12/21 (01:20:14) | ===> btop++ v.1.4.0
2024/12/21 (01:20:14) | WARNING: Intel GPU: Failed to initialize PMU

2024/12/21 (16:37:28) | ===> btop++ v.1.4.0
2024/12/21 (16:37:28) | WARNING: Intel GPU: Failed to initialize PMU

2024/12/21 (16:51:46) | ===> btop++ v.1.4.0
2024/12/21 (16:51:46) | WARNING: Intel GPU: Failed to initialize PMU

2024/12/21 (22:13:19) | ===> btop++ v.1.4.0
2024/12/21 (22:13:19) | WARNING: Intel GPU: Failed to initialize PMU

2024/12/21 (22:14:31) | ===> btop++ v.1.4.0
2024/12/21 (22:14:31) | WARNING: Intel GPU: Failed to initialize PMU

2024/12/21 (22:18:12) | ===> btop++ v.1.4.0
2024/12/21 (22:18:12) | WARNING: Intel GPU: Failed to initialize PMU

2024/12/21 (22:45:27) | ===> btop++ v.1.4.0
2024/12/21 (22:45:27) | WARNING: Intel GPU: Failed to initialize PMU

2024/12/21 (23:14:42) | ===> btop++ v.1.4.0
2024/12/21 (23:14:42) | WARNING: Intel GPU: Failed to initialize PMU

2024/12/21 (23:15:28) | ===> btop++ v.1.4.0
2024/12/21 (23:15:28) | WARNING: Intel GPU: Failed to initialize PMU

2024/12/22 (09:56:24) | ===> btop++ v.1.4.0
2024/12/22 (09:56:24) | WARNING: Intel GPU: Failed to initialize PMU

2024/12/22 (09:56:39) | ===> btop++ v.1.4.0
2024/12/22 (09:56:39) | WARNING: Intel GPU: Failed to initialize PMU

2024/12/22 (11:58:21) | ===> btop++ v.1.4.0
2024/12/22 (11:58:21) | WARNING: Intel GPU: Failed to initialize PMU

2024/12/22 (11:58:32) | ===> btop++ v.1.4.0
2024/12/22 (11:58:32) | WARNING: Intel GPU: Failed to initialize PMU

2024/12/22 (12:38:20) | ===> btop++ v.1.4.0
2024/12/22 (12:38:20) | WARNING: Intel GPU: Failed to initialize PMU

2024/12/22 (12:40:00) | ===> btop++ v.1.4.0
2024/12/22 (12:40:00) | WARNING: Intel GPU: Failed to initialize PMU

2024/12/22 (12:44:52) | ===> btop++ v.1.4.0
2024/12/22 (12:44:52) | WARNING: Intel GPU: Failed to initialize PMU

2024/12/22 (12:58:16) | ===> btop++ v.1.4.0
2024/12/22 (12:58:16) | WARNING: Intel GPU: Failed to initialize PMU

2024/12/22 (13:45:53) | ===> btop++ v.1.4.0
2024/12/22 (13:45:53) | WARNING: Intel GPU: Failed to initialize PMU

2024/12/22 (14:52:08) | ===> btop++ v.1.4.0
2024/12/22 (14:52:08) | WARNING: Intel GPU: Failed to initialize PMU

2024/12/22 (17:13:30) | ===> btop++ v.1.4.0
2024/12/22 (17:13:30) | WARNING: Intel GPU: Failed to initialize PMU

2024/12/22 (20:04:38) | ===> btop++ v.1.4.0
2024/12/22 (20:04:38) | WARNING: Intel GPU: Failed to initialize PMU

2024/12/22 (21:09:08) | ===> btop++ v.1.4.0
2024/12/22 (21:09:08) | WARNING: Intel GPU: Failed to initialize PMU

2024/12/23 (18:39:42) | ===> btop++ v.1.4.0
2024/12/23 (18:39:42) | WARNING: Intel GPU: Failed to initialize PMU

2024/12/25 (15:40:57) | ===> btop++ v.1.4.0
2024/12/25 (15:40:57) | WARNING: Intel GPU: Failed to initialize PMU

2024/12/25 (21:25:13) | ===> btop++ v.1.4.0
2024/12/25 (21:25:13) | WARNING: Intel GPU: Failed to initialize PMU

2024/12/25 (21:29:11) | ===> btop++ v.1.4.0
2024/12/25 (21:29:11) | WARNING: Intel GPU: Failed to initialize PMU

2024/12/25 (21:36:04) | ===> btop++ v.1.4.0
2024/12/25 (21:36:04) | WARNING: Intel GPU: Failed to initialize PMU

2024/12/25 (21:47:02) | ===> btop++ v.1.4.0
2024/12/25 (21:47:02) | WARNING: Intel GPU: Failed to initialize PMU

2025/01/01 (20:21:01) | ===> btop++ v.1.4.0
2025/01/01 (20:21:01) | WARNING: Intel GPU: Failed to initialize PMU

2025/01/02 (22:16:20) | ===> btop++ v.1.4.0
2025/01/02 (22:16:20) | WARNING: Intel GPU: Failed to initialize PMU

2025/01/02 (22:29:54) | ===> btop++ v.1.4.0
2025/01/02 (22:29:54) | WARNING: Intel GPU: Failed to initialize PMU

2025/01/03 (16:11:00) | ===> btop++ v.1.4.0
2025/01/03 (16:11:00) | WARNING: Intel GPU: Failed to initialize PMU

2025/01/03 (16:13:59) | ===> btop++ v.1.4.0
2025/01/03 (16:13:59) | WARNING: Intel GPU: Failed to initialize PMU

2025/01/03 (16:27:07) | ===> btop++ v.1.4.0
2025/01/03 (16:27:07) | WARNING: Intel GPU: Failed to initialize PMU

2025/01/03 (16:56:06) | ===> btop++ v.1.4.0
2025/01/03 (16:56:06) | WARNING: Intel GPU: Failed to initialize PMU

2025/01/03 (17:18:59) | ===> btop++ v.1.4.0
2025/01/03 (17:18:59) | WARNING: Intel GPU: Failed to initialize PMU

2025/01/03 (17:19:16) | ===> btop++ v.1.4.0
2025/01/03 (17:19:16) | WARNING: Intel GPU: Failed to initialize PMU

2025/01/03 (17:20:12) | ===> btop++ v.1.4.0
2025/01/03 (17:20:12) | WARNING: Intel GPU: Failed to initialize PMU

2025/01/03 (17:20:58) | ===> btop++ v.1.4.0
2025/01/03 (17:20:58) | WARNING: Intel GPU: Failed to initialize PMU

2025/01/03 (17:21:12) | ===> btop++ v.1.4.0
2025/01/03 (17:21:12) | WARNING: Intel GPU: Failed to initialize PMU

2025/01/03 (17:21:26) | ===> btop++ v.1.4.0
2025/01/03 (17:21:26) | WARNING: Intel GPU: Failed to initialize PMU

2025/01/03 (17:22:14) | ===> btop++ v.1.4.0
2025/01/03 (17:22:14) | WARNING: Intel GPU: Failed to initialize PMU

2025/01/05 (10:29:02) | ===> btop++ v.1.4.0
2025/01/05 (10:29:02) | WARNING: Intel GPU: Failed to initialize PMU

2025/01/05 (22:13:13) | ===> btop++ v.1.4.0
2025/01/05 (22:13:13) | WARNING: Intel GPU: Failed to initialize PMU

2025/01/05 (22:13:15) | ===> btop++ v.1.4.0
2025/01/05 (22:13:15) | WARNING: Intel GPU: Failed to initialize PMU

2025/01/05 (22:13:17) | ===> btop++ v.1.4.0
2025/01/05 (22:13:17) | WARNING: Intel GPU: Failed to initialize PMU

2025/01/05 (22:14:03) | ===> btop++ v.1.4.0
2025/01/05 (22:14:03) | WARNING: Intel GPU: Failed to initialize PMU

2025/01/06 (13:32:23) | ===> btop++ v.1.4.0
2025/01/06 (13:32:23) | WARNING: Intel GPU: Failed to initialize PMU

2025/01/06 (23:28:46) | ===> btop++ v.1.4.0
2025/01/06 (23:28:46) | WARNING: Intel GPU: Failed to initialize PMU

2025/01/06 (23:29:12) | ===> btop++ v.1.4.0
2025/01/06 (23:29:12) | WARNING: Intel GPU: Failed to initialize PMU

2025/01/06 (23:29:16) | ===> btop++ v.1.4.0
2025/01/06 (23:29:16) | WARNING: Intel GPU: Failed to initialize PMU

2025/01/06 (23:29:19) | ===> btop++ v.1.4.0
2025/01/06 (23:29:19) | WARNING: Intel GPU: Failed to initialize PMU

2025/01/06 (23:30:01) | ===> btop++ v.1.4.0
2025/01/06 (23:30:01) | WARNING: Intel GPU: Failed to initialize PMU

2025/01/06 (23:30:34) | ===> btop++ v.1.4.0
2025/01/06 (23:30:34) | WARNING: Intel GPU: Failed to initialize PMU

2025/01/06 (23:30:49) | ===> btop++ v.1.4.0
2025/01/06 (23:30:49) | WARNING: Intel GPU: Failed to initialize PMU

2025/01/06 (23:31:28) | ===> btop++ v.1.4.0
2025/01/06 (23:31:28) | WARNING: Intel GPU: Failed to initialize PMU

2025/01/06 (23:31:48) | ===> btop++ v.1.4.0
2025/01/06 (23:31:48) | WARNING: Intel GPU: Failed to initialize PMU

2025/01/06 (23:39:42) | ===> btop++ v.1.4.0
2025/01/06 (23:39:42) | WARNING: Intel GPU: Failed to initialize PMU

2025/01/07 (11:45:12) | ===> btop++ v.1.4.0
2025/01/07 (11:45:12) | WARNING: Intel GPU: Failed to initialize PMU

2025/01/09 (10:44:14) | ===> btop++ v.1.4.0
2025/01/09 (10:44:14) | WARNING: Intel GPU: Failed to initialize PMU

2025/01/09 (16:55:47) | ===> btop++ v.1.4.0
2025/01/09 (16:55:47) | WARNING: Intel GPU: Failed to initialize PMU

2025/01/10 (11:47:07) | ===> btop++ v.1.4.0
2025/01/10 (11:47:07) | WARNING: Intel GPU: Failed to initialize PMU

2025/01/10 (11:57:17) | ===> btop++ v.1.4.0
2025/01/10 (11:57:17) | WARNING: Intel GPU: Failed to initialize PMU

2025/01/10 (14:23:43) | ===> btop++ v.1.4.0
2025/01/10 (14:23:43) | WARNING: Intel GPU: Failed to initialize PMU

2025/01/10 (18:28:38) | ===> btop++ v.1.4.0
2025/01/10 (18:28:38) | WARNING: Intel GPU: Failed to initialize PMU

2025/01/11 (12:59:37) | ===> btop++ v.1.4.0
2025/01/11 (12:59:37) | WARNING: Intel GPU: Failed to initialize PMU

2025/01/11 (12:59:42) | ===> btop++ v.1.4.0
2025/01/11 (12:59:42) | WARNING: Intel GPU: Failed to initialize PMU

2025/01/11 (13:02:32) | ===> btop++ v.1.4.0
2025/01/11 (13:02:32) | WARNING: Intel GPU: Failed to initialize PMU

2025/01/11 (13:02:51) | ===> btop++ v.1.4.0
2025/01/11 (13:02:51) | WARNING: Intel GPU: Failed to initialize PMU

2025/01/11 (13:03:14) | ===> btop++ v.1.4.0
2025/01/11 (13:03:14) | WARNING: Intel GPU: Failed to initialize PMU
2025/01/11 (13:03:26) | ERROR: Couldn't determine terminal size of "STDOUT_FILENO"!
2025/01/11 (13:03:26) | ERROR: Couldn't determine terminal size of "/dev/tty"!

2025/01/11 (13:03:37) | ===> btop++ v.1.4.0
2025/01/11 (13:03:37) | WARNING: Intel GPU: Failed to initialize PMU

2025/01/11 (16:27:12) | ===> btop++ v.1.4.0
2025/01/11 (16:27:12) | WARNING: Intel GPU: Failed to initialize PMU

2025/01/12 (18:20:29) | ===> btop++ v.1.4.0
2025/01/12 (18:20:29) | WARNING: Intel GPU: Failed to initialize PMU

2025/01/25 (17:10:46) | ===> btop++ v.1.4.0
2025/01/25 (17:10:46) | WARNING: Failed to set locale en_US.UTF-8 continuing anyway.
2025/01/25 (17:10:46) | WARNING: Intel GPU: Failed to initialize PMU

2025/01/25 (17:11:28) | ===> btop++ v.1.4.0
2025/01/25 (17:11:28) | WARNING: Failed to set locale en_US.UTF-8 continuing anyway.
2025/01/25 (17:11:29) | WARNING: Intel GPU: Failed to initialize PMU

2025/01/25 (17:39:20) | ===> btop++ v.1.4.0
2025/01/25 (17:39:20) | WARNING: Failed to set locale en_US.UTF-8 continuing anyway.
2025/01/25 (17:39:20) | WARNING: Intel GPU: Failed to initialize PMU

2025/01/25 (17:40:23) | ===> btop++ v.1.4.0
2025/01/25 (17:40:23) | WARNING: Failed to set locale en_US.UTF-8 continuing anyway.
2025/01/25 (17:40:23) | WARNING: Intel GPU: Failed to initialize PMU

2025/01/25 (17:42:35) | ===> btop++ v.1.4.0
2025/01/25 (17:42:35) | WARNING: Failed to set locale en_US.UTF-8 continuing anyway.
2025/01/25 (17:42:35) | WARNING: Intel GPU: Failed to initialize PMU

2025/01/25 (17:49:50) | ===> btop++ v.1.4.0
2025/01/25 (17:49:50) | WARNING: Failed to set locale en_US.UTF-8 continuing anyway.
2025/01/25 (17:49:50) | WARNING: Intel GPU: Failed to initialize PMU

2025/01/25 (17:52:45) | ===> btop++ v.1.4.0
2025/01/25 (17:52:45) | WARNING: Failed to set locale en_US.UTF-8 continuing anyway.
2025/01/25 (17:52:45) | WARNING: Intel GPU: Failed to initialize PMU

2025/01/25 (17:52:49) | ===> btop++ v.1.4.0
2025/01/25 (17:52:49) | WARNING: Failed to set locale en_US.UTF-8 continuing anyway.
2025/01/25 (17:52:49) | WARNING: Intel GPU: Failed to initialize PMU

2025/01/25 (17:54:23) | ===> btop++ v.1.4.0
2025/01/25 (17:54:23) | WARNING: Failed to set locale en_US.UTF-8 continuing anyway.
2025/01/25 (17:54:23) | WARNING: Intel GPU: Failed to initialize PMU

2025/01/25 (17:54:29) | ===> btop++ v.1.4.0
2025/01/25 (17:54:29) | WARNING: Failed to set locale en_US.UTF-8 continuing anyway.
2025/01/25 (17:54:29) | WARNING: Intel GPU: Failed to initialize PMU

2025/01/25 (17:57:00) | ===> btop++ v.1.4.0
2025/01/25 (17:57:00) | WARNING: Failed to set locale en_US.UTF-8 continuing anyway.
2025/01/25 (17:57:00) | WARNING: Intel GPU: Failed to initialize PMU

2025/01/25 (18:02:17) | ===> btop++ v.1.4.0
2025/01/25 (18:02:17) | WARNING: Failed to set locale en_US.UTF-8 continuing anyway.
2025/01/25 (18:02:17) | WARNING: Intel GPU: Failed to initialize PMU

2025/01/25 (20:54:55) | ===> btop++ v.1.4.0
2025/01/25 (20:54:55) | WARNING: Intel GPU: Failed to initialize PMU

2025/01/25 (20:55:28) | ===> btop++ v.1.4.0
2025/01/25 (20:55:28) | WARNING: Intel GPU: Failed to initialize PMU

2025/01/25 (20:55:31) | ===> btop++ v.1.4.0
2025/01/25 (20:55:31) | WARNING: Intel GPU: Failed to initialize PMU

2025/01/25 (21:03:33) | ===> btop++ v.1.4.0
2025/01/25 (21:03:33) | WARNING: Intel GPU: Failed to initialize PMU

2025/01/25 (21:04:14) | ===> btop++ v.1.4.0
2025/01/25 (21:04:14) | WARNING: Intel GPU: Failed to initialize PMU

2025/01/25 (21:12:03) | ===> btop++ v.1.4.0
2025/01/25 (21:12:03) | WARNING: Intel GPU: Failed to initialize PMU

2025/01/25 (21:21:52) | ===> btop++ v.1.4.0
2025/01/25 (21:21:52) | WARNING: Intel GPU: Failed to initialize PMU

2025/01/25 (21:22:11) | ===> btop++ v.1.4.0
2025/01/25 (21:22:11) | WARNING: Intel GPU: Failed to initialize PMU

2025/01/25 (21:31:56) | ===> btop++ v.1.4.0
2025/01/25 (21:31:56) | WARNING: Intel GPU: Failed to initialize PMU

2025/01/25 (21:32:31) | ===> btop++ v.1.4.0
2025/01/25 (21:32:31) | WARNING: Intel GPU: Failed to initialize PMU

2025/01/25 (21:41:17) | ===> btop++ v.1.4.0
2025/01/25 (21:41:17) | WARNING: Intel GPU: Failed to initialize PMU

2025/01/25 (21:42:27) | ===> btop++ v.1.4.0
2025/01/25 (21:42:27) | WARNING: Intel GPU: Failed to initialize PMU

2025/01/25 (21:42:52) | ===> btop++ v.1.4.0
2025/01/25 (21:42:52) | WARNING: Intel GPU: Failed to initialize PMU

2025/01/25 (21:43:34) | ===> btop++ v.1.4.0
2025/01/25 (21:43:34) | WARNING: Intel GPU: Failed to initialize PMU

2025/01/25 (21:44:57) | ===> btop++ v.1.4.0
2025/01/25 (21:44:57) | WARNING: Intel GPU: Failed to initialize PMU

2025/01/25 (21:45:07) | ===> btop++ v.1.4.0
2025/01/25 (21:45:07) | WARNING: Intel GPU: Failed to initialize PMU

2025/01/25 (21:45:26) | ===> btop++ v.1.4.0
2025/01/25 (21:45:26) | WARNING: Intel GPU: Failed to initialize PMU

2025/01/25 (21:45:57) | ===> btop++ v.1.4.0
2025/01/25 (21:45:57) | WARNING: Intel GPU: Failed to initialize PMU

2025/01/25 (21:46:17) | ===> btop++ v.1.4.0
2025/01/25 (21:46:17) | WARNING: Intel GPU: Failed to initialize PMU

2025/01/25 (21:46:22) | ===> btop++ v.1.4.0
2025/01/25 (21:46:22) | WARNING: Intel GPU: Failed to initialize PMU

2025/01/25 (21:46:31) | ===> btop++ v.1.4.0
2025/01/25 (21:46:31) | WARNING: Intel GPU: Failed to initialize PMU

2025/01/25 (21:46:33) | ===> btop++ v.1.4.0
2025/01/25 (21:46:33) | WARNING: Intel GPU: Failed to initialize PMU

2025/01/25 (21:46:57) | ===> btop++ v.1.4.0
2025/01/25 (21:46:57) | WARNING: Intel GPU: Failed to initialize PMU

2025/01/25 (21:49:35) | ===> btop++ v.1.4.0
2025/01/25 (21:49:35) | WARNING: Intel GPU: Failed to initialize PMU

2025/01/25 (21:49:36) | ===> btop++ v.1.4.0
2025/01/25 (21:49:36) | WARNING: Intel GPU: Failed to initialize PMU

2025/01/25 (21:51:56) | ===> btop++ v.1.4.0
2025/01/25 (21:51:56) | WARNING: Intel GPU: Failed to initialize PMU

2025/01/25 (21:56:08) | ===> btop++ v.1.4.0
2025/01/25 (21:56:08) | WARNING: Intel GPU: Failed to initialize PMU

2025/01/25 (22:09:00) | ===> btop++ v.1.4.0
2025/01/25 (22:09:00) | WARNING: Intel GPU: Failed to initialize PMU

2025/01/25 (22:09:45) | ===> btop++ v.1.4.0
2025/01/25 (22:09:45) | WARNING: Intel GPU: Failed to initialize PMU

2025/01/25 (22:10:07) | ===> btop++ v.1.4.0
2025/01/25 (22:10:07) | WARNING: Intel GPU: Failed to initialize PMU

2025/01/25 (22:10:24) | ===> btop++ v.1.4.0
2025/01/25 (22:10:24) | WARNING: Intel GPU: Failed to initialize PMU

2025/01/25 (22:10:36) | ===> btop++ v.1.4.0
2025/01/25 (22:10:36) | WARNING: Intel GPU: Failed to initialize PMU

2025/01/25 (22:11:04) | ===> btop++ v.1.4.0
2025/01/25 (22:11:04) | WARNING: Intel GPU: Failed to initialize PMU

2025/01/25 (22:11:40) | ===> btop++ v.1.4.0
2025/01/25 (22:11:40) | WARNING: Intel GPU: Failed to initialize PMU

2025/01/25 (22:15:34) | ===> btop++ v.1.4.0
2025/01/25 (22:15:34) | WARNING: Intel GPU: Failed to initialize PMU

2025/01/25 (22:16:06) | ===> btop++ v.1.4.0
2025/01/25 (22:16:06) | WARNING: Intel GPU: Failed to initialize PMU

2025/01/25 (22:17:10) | ===> btop++ v.1.4.0
2025/01/25 (22:17:10) | WARNING: Intel GPU: Failed to initialize PMU

2025/01/25 (22:17:36) | ===> btop++ v.1.4.0
2025/01/25 (22:17:36) | WARNING: Intel GPU: Failed to initialize PMU

2025/01/25 (22:17:41) | ===> btop++ v.1.4.0
2025/01/25 (22:17:41) | WARNING: Intel GPU: Failed to initialize PMU

2025/01/25 (22:19:29) | ===> btop++ v.1.4.0
2025/01/25 (22:19:29) | WARNING: Intel GPU: Failed to initialize PMU

2025/01/25 (22:19:45) | ===> btop++ v.1.4.0
2025/01/25 (22:19:45) | WARNING: Intel GPU: Failed to initialize PMU

2025/01/25 (22:20:01) | ===> btop++ v.1.4.0
2025/01/25 (22:20:01) | WARNING: Intel GPU: Failed to initialize PMU

2025/01/25 (22:20:14) | ===> btop++ v.1.4.0
2025/01/25 (22:20:14) | WARNING: Intel GPU: Failed to initialize PMU

2025/01/25 (22:20:38) | ===> btop++ v.1.4.0
2025/01/25 (22:20:38) | WARNING: Intel GPU: Failed to initialize PMU

2025/01/25 (22:21:36) | ===> btop++ v.1.4.0
2025/01/25 (22:21:36) | WARNING: Intel GPU: Failed to initialize PMU

2025/01/25 (22:22:44) | ===> btop++ v.1.4.0
2025/01/25 (22:22:44) | WARNING: Intel GPU: Failed to initialize PMU

2025/01/25 (22:24:47) | ===> btop++ v.1.4.0
2025/01/25 (22:24:47) | WARNING: Intel GPU: Failed to initialize PMU

2025/01/25 (22:25:04) | ===> btop++ v.1.4.0
2025/01/25 (22:25:04) | WARNING: Intel GPU: Failed to initialize PMU

2025/01/25 (22:25:38) | ===> btop++ v.1.4.0
2025/01/25 (22:25:38) | WARNING: Intel GPU: Failed to initialize PMU

2025/01/25 (22:26:17) | ===> btop++ v.1.4.0
2025/01/25 (22:26:17) | WARNING: Intel GPU: Failed to initialize PMU

2025/01/25 (22:27:12) | ===> btop++ v.1.4.0
2025/01/25 (22:27:12) | WARNING: Intel GPU: Failed to initialize PMU

2025/01/25 (22:27:27) | ===> btop++ v.1.4.0
2025/01/25 (22:27:27) | WARNING: Intel GPU: Failed to initialize PMU

2025/01/25 (22:27:34) | ===> btop++ v.1.4.0
2025/01/25 (22:27:34) | WARNING: Intel GPU: Failed to initialize PMU

2025/01/25 (22:28:04) | ===> btop++ v.1.4.0
2025/01/25 (22:28:04) | WARNING: Intel GPU: Failed to initialize PMU

2025/01/25 (22:28:21) | ===> btop++ v.1.4.0
2025/01/25 (22:28:21) | WARNING: Intel GPU: Failed to initialize PMU

2025/01/25 (22:28:59) | ===> btop++ v.1.4.0
2025/01/25 (22:28:59) | WARNING: Intel GPU: Failed to initialize PMU

2025/01/25 (22:29:06) | ===> btop++ v.1.4.0
2025/01/25 (22:29:06) | WARNING: Intel GPU: Failed to initialize PMU

2025/01/25 (22:29:51) | ===> btop++ v.1.4.0
2025/01/25 (22:29:51) | WARNING: Intel GPU: Failed to initialize PMU

2025/01/25 (22:29:54) | ===> btop++ v.1.4.0
2025/01/25 (22:29:54) | WARNING: Intel GPU: Failed to initialize PMU

2025/01/25 (22:30:47) | ===> btop++ v.1.4.0
2025/01/25 (22:30:47) | WARNING: Intel GPU: Failed to initialize PMU

2025/01/25 (22:30:53) | ===> btop++ v.1.4.0
2025/01/25 (22:30:53) | WARNING: Intel GPU: Failed to initialize PMU

2025/01/25 (22:31:10) | ===> btop++ v.1.4.0
2025/01/25 (22:31:10) | WARNING: Intel GPU: Failed to initialize PMU

2025/01/25 (22:31:14) | ===> btop++ v.1.4.0
2025/01/25 (22:31:14) | WARNING: Intel GPU: Failed to initialize PMU

2025/01/25 (22:32:23) | ===> btop++ v.1.4.0
2025/01/25 (22:32:23) | WARNING: Intel GPU: Failed to initialize PMU

2025/01/25 (22:34:09) | ===> btop++ v.1.4.0
2025/01/25 (22:34:09) | WARNING: Intel GPU: Failed to initialize PMU

2025/01/25 (22:34:32) | ===> btop++ v.1.4.0
2025/01/25 (22:34:32) | WARNING: Intel GPU: Failed to initialize PMU

2025/01/25 (22:35:35) | ===> btop++ v.1.4.0
2025/01/25 (22:35:35) | WARNING: Intel GPU: Failed to initialize PMU

2025/01/25 (22:35:38) | ===> btop++ v.1.4.0
2025/01/25 (22:35:38) | WARNING: Intel GPU: Failed to initialize PMU

2025/01/25 (22:36:31) | ===> btop++ v.1.4.0
2025/01/25 (22:36:31) | WARNING: Intel GPU: Failed to initialize PMU

2025/01/25 (22:37:31) | ===> btop++ v.1.4.0
2025/01/25 (22:37:31) | WARNING: Intel GPU: Failed to initialize PMU

2025/01/25 (22:38:45) | ===> btop++ v.1.4.0
2025/01/25 (22:38:45) | WARNING: Intel GPU: Failed to initialize PMU

2025/01/25 (22:39:09) | ===> btop++ v.1.4.0
2025/01/25 (22:39:09) | WARNING: Intel GPU: Failed to initialize PMU

2025/01/25 (22:41:47) | ===> btop++ v.1.4.0
2025/01/25 (22:41:47) | WARNING: Intel GPU: Failed to initialize PMU

2025/01/25 (22:42:10) | ===> btop++ v.1.4.0
2025/01/25 (22:42:10) | WARNING: Intel GPU: Failed to initialize PMU

2025/01/25 (22:42:25) | ===> btop++ v.1.4.0
2025/01/25 (22:42:25) | WARNING: Intel GPU: Failed to initialize PMU

2025/01/25 (22:42:30) | ===> btop++ v.1.4.0
2025/01/25 (22:42:30) | WARNING: Intel GPU: Failed to initialize PMU

2025/01/25 (22:42:41) | ===> btop++ v.1.4.0
2025/01/25 (22:42:41) | WARNING: Intel GPU: Failed to initialize PMU

2025/01/26 (10:29:55) | ===> btop++ v.1.4.0
2025/01/26 (10:29:55) | WARNING: Intel GPU: Failed to initialize PMU

2025/01/26 (12:32:57) | ===> btop++ v.1.4.0
2025/01/26 (12:32:57) | WARNING: Intel GPU: Failed to initialize PMU

2025/01/26 (12:41:45) | ===> btop++ v.1.4.0
2025/01/26 (12:41:45) | WARNING: Intel GPU: Failed to initialize PMU

2025/01/26 (12:43:02) | ===> btop++ v.1.4.0
2025/01/26 (12:43:02) | WARNING: Intel GPU: Failed to initialize PMU

2025/01/26 (12:56:45) | ===> btop++ v.1.4.0
2025/01/26 (12:56:45) | WARNING: Intel GPU: Failed to initialize PMU

2025/01/26 (12:57:13) | ===> btop++ v.1.4.0
2025/01/26 (12:57:13) | WARNING: Intel GPU: Failed to initialize PMU

2025/01/26 (12:57:28) | ===> btop++ v.1.4.0
2025/01/26 (12:57:28) | WARNING: Intel GPU: Failed to initialize PMU

2025/01/26 (12:58:06) | ===> btop++ v.1.4.0
2025/01/26 (12:58:06) | WARNING: Intel GPU: Failed to initialize PMU

2025/01/26 (12:58:39) | ===> btop++ v.1.4.0
2025/01/26 (12:58:39) | WARNING: Intel GPU: Failed to initialize PMU

2025/01/26 (12:59:23) | ===> btop++ v.1.4.0
2025/01/26 (12:59:23) | WARNING: Intel GPU: Failed to initialize PMU

2025/01/26 (13:05:04) | ===> btop++ v.1.4.0
2025/01/26 (13:05:04) | WARNING: Intel GPU: Failed to initialize PMU

2025/01/26 (13:05:48) | ===> btop++ v.1.4.0
2025/01/26 (13:05:48) | WARNING: Intel GPU: Failed to initialize PMU

2025/01/26 (13:17:27) | ===> btop++ v.1.4.0
2025/01/26 (13:17:27) | WARNING: Intel GPU: Failed to initialize PMU

2025/01/26 (13:19:33) | ===> btop++ v.1.4.0
2025/01/26 (13:19:33) | WARNING: Intel GPU: Failed to initialize PMU

2025/01/26 (14:12:14) | ===> btop++ v.1.4.0
2025/01/26 (14:12:14) | WARNING: Intel GPU: Failed to initialize PMU

2025/01/26 (14:33:05) | ===> btop++ v.1.4.0
2025/01/26 (14:33:05) | WARNING: Intel GPU: Failed to initialize PMU

2025/01/26 (14:38:21) | ===> btop++ v.1.4.0
2025/01/26 (14:38:21) | WARNING: Intel GPU: Failed to initialize PMU

2025/01/26 (14:39:45) | ===> btop++ v.1.4.0
2025/01/26 (14:39:45) | WARNING: Intel GPU: Failed to initialize PMU

2025/01/26 (15:58:13) | ===> btop++ v.1.4.0
2025/01/26 (15:58:13) | WARNING: Intel GPU: Failed to initialize PMU

2025/01/26 (21:54:44) | ===> btop++ v.1.4.0
2025/01/26 (21:54:44) | WARNING: Intel GPU: Failed to initialize PMU

2025/01/26 (22:15:36) | ===> btop++ v.1.4.0
2025/01/26 (22:15:36) | WARNING: Intel GPU: Failed to initialize PMU

2025/01/26 (22:17:36) | ===> btop++ v.1.4.0
2025/01/26 (22:17:36) | WARNING: Intel GPU: Failed to initialize PMU

2025/01/26 (22:34:28) | ===> btop++ v.1.4.0
2025/01/26 (22:34:28) | WARNING: Intel GPU: Failed to initialize PMU

2025/01/26 (22:54:18) | ===> btop++ v.1.4.0
2025/01/26 (22:54:18) | WARNING: Intel GPU: Failed to initialize PMU

2025/01/26 (23:00:54) | ===> btop++ v.1.4.0
2025/01/26 (23:00:54) | WARNING: Intel GPU: Failed to initialize PMU

2025/01/26 (23:00:55) | ===> btop++ v.1.4.0
2025/01/26 (23:00:55) | WARNING: Intel GPU: Failed to initialize PMU

2025/01/26 (23:01:00) | ===> btop++ v.1.4.0
2025/01/26 (23:01:00) | WARNING: Intel GPU: Failed to initialize PMU

2025/01/26 (23:01:18) | ===> btop++ v.1.4.0
2025/01/26 (23:01:18) | WARNING: Intel GPU: Failed to initialize PMU

2025/01/26 (23:01:20) | ===> btop++ v.1.4.0
2025/01/26 (23:01:20) | WARNING: Intel GPU: Failed to initialize PMU

2025/01/27 (17:14:53) | ===> btop++ v.1.4.0
2025/01/27 (17:14:54) | WARNING: Intel GPU: Failed to initialize PMU

2025/01/27 (20:49:34) | ===> btop++ v.1.4.0
2025/01/27 (20:49:34) | WARNING: Intel GPU: Failed to initialize PMU

2025/01/27 (21:20:33) | ===> btop++ v.1.4.0
2025/01/27 (21:20:33) | WARNING: Intel GPU: Failed to initialize PMU

2025/01/27 (21:20:36) | ===> btop++ v.1.4.0
2025/01/27 (21:20:36) | WARNING: Intel GPU: Failed to initialize PMU

2025/01/27 (21:20:48) | ===> btop++ v.1.4.0
2025/01/27 (21:20:48) | WARNING: Intel GPU: Failed to initialize PMU

2025/01/27 (21:31:42) | ===> btop++ v.1.4.0
2025/01/27 (21:31:42) | WARNING: Intel GPU: Failed to initialize PMU

2025/01/27 (23:27:40) | ===> btop++ v.1.4.0
2025/01/27 (23:27:40) | WARNING: Intel GPU: Failed to initialize PMU

2025/01/28 (15:33:53) | ===> btop++ v.1.4.0
2025/01/28 (15:33:53) | WARNING: Intel GPU: Failed to initialize PMU

2025/01/28 (22:09:54) | ===> btop++ v.1.4.0
2025/01/28 (22:09:54) | WARNING: Intel GPU: Failed to initialize PMU

2025/01/28 (23:06:35) | ===> btop++ v.1.4.0
2025/01/28 (23:06:35) | WARNING: Intel GPU: Failed to initialize PMU

2025/01/29 (16:51:21) | ===> btop++ v.1.4.0
2025/01/29 (16:51:21) | WARNING: Intel GPU: Failed to initialize PMU

2025/01/29 (22:53:08) | ===> btop++ v.1.4.0
2025/01/29 (22:53:08) | WARNING: Intel GPU: Failed to initialize PMU

2025/01/30 (12:25:20) | ===> btop++ v.1.4.0
2025/01/30 (12:25:20) | WARNING: Intel GPU: Failed to initialize PMU

2025/01/30 (23:26:35) | ===> btop++ v.1.4.0
2025/01/30 (23:26:35) | WARNING: Intel GPU: Failed to initialize PMU

2025/01/30 (23:26:43) | ===> btop++ v.1.4.0
2025/01/30 (23:26:43) | WARNING: Intel GPU: Failed to initialize PMU

2025/01/30 (23:27:16) | ===> btop++ v.1.4.0
2025/01/30 (23:27:16) | WARNING: Intel GPU: Failed to initialize PMU

2025/02/01 (09:46:23) | ===> btop++ v.1.4.0
2025/02/01 (09:46:23) | WARNING: Intel GPU: Failed to initialize PMU

2025/02/01 (09:46:54) | ===> btop++ v.1.4.0
2025/02/01 (09:46:54) | WARNING: Intel GPU: Failed to initialize PMU

2025/02/02 (21:36:21) | ===> btop++ v.1.4.0
2025/02/02 (21:36:21) | WARNING: Intel GPU: Failed to initialize PMU

2025/02/02 (21:49:11) | ===> btop++ v.1.4.0
2025/02/02 (21:49:11) | WARNING: Intel GPU: Failed to initialize PMU

2025/02/02 (21:57:45) | ===> btop++ v.1.4.0
2025/02/02 (21:57:45) | WARNING: Intel GPU: Failed to initialize PMU

2025/02/02 (22:02:25) | ===> btop++ v.1.4.0
2025/02/02 (22:02:25) | WARNING: Intel GPU: Failed to initialize PMU

2025/02/02 (22:06:06) | ===> btop++ v.1.4.0
2025/02/02 (22:06:06) | WARNING: Intel GPU: Failed to initialize PMU

2025/02/05 (17:12:39) | ===> btop++ v.1.4.0
2025/02/05 (17:12:39) | WARNING: Intel GPU: Failed to initialize PMU

2025/02/05 (17:23:36) | ===> btop++ v.1.4.0
2025/02/05 (17:23:36) | WARNING: Intel GPU: Failed to initialize PMU

2025/02/05 (22:10:19) | ===> btop++ v.1.4.0
2025/02/05 (22:10:19) | WARNING: Intel GPU: Failed to initialize PMU

2025/02/06 (18:49:54) | ===> btop++ v.1.4.0
2025/02/06 (18:49:54) | WARNING: Intel GPU: Failed to initialize PMU

2025/02/06 (18:49:58) | ===> btop++ v.1.4.0
2025/02/06 (18:49:58) | WARNING: Intel GPU: Failed to initialize PMU

2025/02/06 (18:51:07) | ===> btop++ v.1.4.0
2025/02/06 (18:51:07) | WARNING: Intel GPU: Failed to initialize PMU

2025/02/07 (15:29:51) | ===> btop++ v.1.4.0
2025/02/07 (15:29:51) | WARNING: Intel GPU: Failed to initialize PMU

2025/02/07 (15:30:57) | ===> btop++ v.1.4.0
2025/02/07 (15:30:57) | WARNING: Intel GPU: Failed to initialize PMU

2025/02/07 (15:36:02) | ===> btop++ v.1.4.0
2025/02/07 (15:36:02) | WARNING: Intel GPU: Failed to initialize PMU

2025/02/07 (15:36:33) | ===> btop++ v.1.4.0
2025/02/07 (15:36:33) | WARNING: Intel GPU: Failed to initialize PMU

2025/02/07 (16:55:16) | ===> btop++ v.1.4.0
2025/02/07 (16:55:16) | WARNING: Intel GPU: Failed to initialize PMU

2025/02/08 (20:43:54) | ===> btop++ v.1.4.0
2025/02/08 (20:43:54) | WARNING: Intel GPU: Failed to initialize PMU

2025/02/08 (20:45:11) | ===> btop++ v.1.4.0
2025/02/08 (20:45:11) | WARNING: Intel GPU: Failed to initialize PMU

2025/02/09 (00:31:14) | ===> btop++ v.1.4.0
2025/02/09 (00:31:14) | WARNING: Intel GPU: Failed to initialize PMU

2025/02/09 (22:51:39) | ===> btop++ v.1.4.0
2025/02/09 (22:51:39) | WARNING: Intel GPU: Failed to initialize PMU

2025/02/10 (21:00:41) | ===> btop++ v.1.4.0
2025/02/10 (21:00:41) | WARNING: Intel GPU: Failed to initialize PMU

2025/02/12 (20:04:00) | ===> btop++ v.1.4.0
2025/02/12 (20:04:00) | WARNING: Intel GPU: Failed to initialize PMU

2025/02/12 (20:04:35) | ===> btop++ v.1.4.0
2025/02/12 (20:04:35) | WARNING: Intel GPU: Failed to initialize PMU
2025/02/12 (20:06:20) | ERROR: Stall in Runner thread, restarting!
2025/02/12 (20:06:40) | ERROR: Stall in Runner thread, restarting!
2025/02/12 (20:06:43) | WARNING: Failed to join _runner thread on exit!
2025/02/12 (20:06:43) | ERROR: Runner thread died unexpectedly!

2025/02/12 (20:06:46) | ===> btop++ v.1.4.0
2025/02/12 (20:06:46) | WARNING: Intel GPU: Failed to initialize PMU
2025/02/12 (20:06:51) | ERROR: Stall in Runner thread, restarting!
2025/02/12 (20:07:12) | ERROR: Stall in Runner thread, restarting!
2025/02/12 (20:07:18) | ERROR: Stall in Runner thread, restarting!
2025/02/12 (20:07:36) | WARNING: Failed to join _runner thread on exit!

2025/02/12 (20:07:37) | ===> btop++ v.1.4.0
2025/02/12 (20:07:37) | WARNING: Intel GPU: Failed to initialize PMU
2025/02/12 (20:07:42) | ERROR: Stall in Runner thread, restarting!
2025/02/12 (20:07:49) | WARNING: Failed to join _runner thread on exit!

2025/02/12 (20:09:46) | ===> btop++ v.1.4.0
2025/02/12 (20:09:46) | WARNING: Intel GPU: Failed to initialize PMU
2025/02/12 (20:09:52) | ERROR: Stall in Runner thread, restarting!
2025/02/12 (20:09:58) | WARNING: Failed to join _runner thread on exit!

2025/02/14 (12:42:19) | ===> btop++ v.1.4.0
2025/02/14 (12:42:19) | WARNING: Intel GPU: Failed to initialize PMU

2025/02/15 (12:00:56) | ===> btop++ v.1.4.0
2025/02/15 (12:00:56) | WARNING: Intel GPU: Failed to initialize PMU

2025/02/15 (22:15:12) | ===> btop++ v.1.4.0
2025/02/15 (22:15:12) | WARNING: Intel GPU: Failed to initialize PMU

2025/02/15 (23:14:07) | ===> btop++ v.1.4.0
2025/02/15 (23:14:07) | WARNING: Intel GPU: Failed to initialize PMU

2025/02/16 (22:10:28) | ===> btop++ v.1.4.0
2025/02/16 (22:10:28) | WARNING: Intel GPU: Failed to initialize PMU

2025/02/16 (23:25:40) | ===> btop++ v.1.4.0
2025/02/16 (23:25:40) | WARNING: Intel GPU: Failed to initialize PMU

2025/02/17 (17:41:17) | ===> btop++ v.1.4.0
2025/02/17 (17:41:17) | WARNING: Intel GPU: Failed to initialize PMU

2025/02/17 (18:00:44) | ===> btop++ v.1.4.0
2025/02/17 (18:00:44) | WARNING: Intel GPU: Failed to initialize PMU

2025/02/17 (18:43:26) | ===> btop++ v.1.4.0
2025/02/17 (18:43:26) | WARNING: Intel GPU: Failed to initialize PMU
2025/02/17 (18:43:29) | WARNING: Failed to join _runner thread on exit!

2025/02/17 (19:01:03) | ===> btop++ v.1.4.0
2025/02/17 (19:01:03) | WARNING: Intel GPU: Failed to initialize PMU

2025/02/22 (09:37:11) | ===> btop++ v.1.4.0
2025/02/22 (09:37:11) | WARNING: Intel GPU: Failed to initialize PMU

2025/02/22 (09:37:20) | ===> btop++ v.1.4.0
2025/02/22 (09:37:20) | WARNING: Intel GPU: Failed to initialize PMU

2025/02/22 (09:37:37) | ===> btop++ v.1.4.0
2025/02/22 (09:37:37) | WARNING: Intel GPU: Failed to initialize PMU

2025/02/22 (09:56:13) | ===> btop++ v.1.4.0
2025/02/22 (09:56:13) | WARNING: Intel GPU: Failed to initialize PMU

2025/02/22 (09:56:39) | ===> btop++ v.1.4.0
2025/02/22 (09:56:39) | WARNING: Intel GPU: Failed to initialize PMU

2025/02/22 (10:59:54) | ===> btop++ v.1.4.0
2025/02/22 (10:59:54) | WARNING: Intel GPU: Failed to initialize PMU

2025/02/22 (13:09:57) | ===> btop++ v.1.4.0
2025/02/22 (13:09:57) | WARNING: Intel GPU: Failed to initialize PMU

2025/02/22 (13:35:28) | ===> btop++ v.1.4.0
2025/02/22 (13:35:28) | WARNING: Intel GPU: Failed to initialize PMU

2025/02/22 (14:04:55) | ===> btop++ v.1.4.0
2025/02/22 (14:04:55) | WARNING: Intel GPU: Failed to initialize PMU

2025/02/22 (14:35:24) | ===> btop++ v.1.4.0
2025/02/22 (14:35:24) | WARNING: Intel GPU: Failed to initialize PMU

2025/02/22 (14:54:36) | ===> btop++ v.1.4.0
2025/02/22 (14:54:36) | WARNING: Intel GPU: Failed to initialize PMU

2025/02/22 (15:18:43) | ===> btop++ v.1.4.0
2025/02/22 (15:18:43) | WARNING: Intel GPU: Failed to initialize PMU

2025/02/22 (16:06:33) | ===> btop++ v.1.4.0
2025/02/22 (16:06:33) | WARNING: Intel GPU: Failed to initialize PMU

2025/02/22 (16:07:37) | ===> btop++ v.1.4.0
2025/02/22 (16:07:37) | WARNING: Intel GPU: Failed to initialize PMU

2025/02/22 (19:15:08) | ===> btop++ v.1.4.0
2025/02/22 (19:15:08) | WARNING: Intel GPU: Failed to initialize PMU

2025/02/22 (19:36:32) | ===> btop++ v.1.4.0
2025/02/22 (19:36:32) | WARNING: Intel GPU: Failed to initialize PMU

2025/02/23 (10:50:22) | ===> btop++ v.1.4.0
2025/02/23 (10:50:22) | WARNING: Intel GPU: Failed to initialize PMU

2025/02/23 (16:18:01) | ===> btop++ v.1.4.0
2025/02/23 (16:18:01) | WARNING: Intel GPU: Failed to initialize PMU

2025/02/23 (16:18:05) | ===> btop++ v.1.4.0
2025/02/23 (16:18:05) | WARNING: Intel GPU: Failed to initialize PMU

2025/02/23 (17:06:24) | ===> btop++ v.1.4.0
2025/02/23 (17:06:25) | WARNING: Intel GPU: Failed to initialize PMU

2025/02/23 (17:07:47) | ===> btop++ v.1.4.0
2025/02/23 (17:07:47) | WARNING: Intel GPU: Failed to initialize PMU

2025/02/23 (17:08:21) | ===> btop++ v.1.4.0
2025/02/23 (17:08:21) | WARNING: Intel GPU: Failed to initialize PMU

2025/02/23 (17:27:14) | ===> btop++ v.1.4.0
2025/02/23 (17:27:14) | WARNING: Intel GPU: Failed to initialize PMU

2025/02/23 (17:28:19) | ===> btop++ v.1.4.0
2025/02/23 (17:28:19) | WARNING: Intel GPU: Failed to initialize PMU

2025/02/23 (17:28:29) | ===> btop++ v.1.4.0
2025/02/23 (17:28:29) | WARNING: Intel GPU: Failed to initialize PMU

2025/02/23 (18:12:18) | ===> btop++ v.1.4.0
2025/02/23 (18:12:18) | WARNING: Intel GPU: Failed to initialize PMU

2025/02/23 (19:24:24) | ===> btop++ v.1.4.0
2025/02/23 (19:24:24) | WARNING: Intel GPU: Failed to initialize PMU

2025/02/23 (20:22:15) | ===> btop++ v.1.4.0
2025/02/23 (20:22:15) | WARNING: Intel GPU: Failed to initialize PMU

2025/02/23 (21:10:23) | ===> btop++ v.1.4.0
2025/02/23 (21:10:23) | WARNING: Intel GPU: Failed to initialize PMU

2025/02/23 (21:10:48) | ===> btop++ v.1.4.0
2025/02/23 (21:10:48) | WARNING: Intel GPU: Failed to initialize PMU

2025/02/23 (21:51:45) | ===> btop++ v.1.4.0
2025/02/23 (21:51:45) | WARNING: Intel GPU: Failed to initialize PMU

2025/02/23 (22:04:29) | ===> btop++ v.1.4.0
2025/02/23 (22:04:29) | WARNING: Intel GPU: Failed to initialize PMU

2025/02/23 (22:09:23) | ===> btop++ v.1.4.0
2025/02/23 (22:09:23) | WARNING: Intel GPU: Failed to initialize PMU

2025/02/23 (22:11:47) | ===> btop++ v.1.4.0
2025/02/23 (22:11:47) | WARNING: Intel GPU: Failed to initialize PMU

2025/02/23 (22:12:36) | ===> btop++ v.1.4.0
2025/02/23 (22:12:36) | WARNING: Intel GPU: Failed to initialize PMU

2025/02/23 (22:30:00) | ===> btop++ v.1.4.0
2025/02/23 (22:30:00) | WARNING: Intel GPU: Failed to initialize PMU

2025/02/23 (22:30:47) | ===> btop++ v.1.4.0
2025/02/23 (22:30:47) | WARNING: Intel GPU: Failed to initialize PMU

2025/02/23 (22:30:52) | ===> btop++ v.1.4.0
2025/02/23 (22:30:52) | WARNING: Intel GPU: Failed to initialize PMU

2025/02/23 (23:01:43) | ===> btop++ v.1.4.0
2025/02/23 (23:01:43) | WARNING: Intel GPU: Failed to initialize PMU

2025/02/24 (10:56:23) | ===> btop++ v.1.4.0
2025/02/24 (10:56:23) | WARNING: Intel GPU: Failed to initialize PMU

2025/02/24 (10:58:02) | ===> btop++ v.1.4.0
2025/02/24 (10:58:02) | WARNING: Intel GPU: Failed to initialize PMU

2025/02/24 (13:29:10) | ===> btop++ v.1.4.0
2025/02/24 (13:29:10) | WARNING: Intel GPU: Failed to initialize PMU

2025/02/24 (13:29:43) | ===> btop++ v.1.4.0
2025/02/24 (13:29:43) | WARNING: Intel GPU: Failed to initialize PMU

2025/02/24 (13:38:47) | ===> btop++ v.1.4.0
2025/02/24 (13:38:47) | WARNING: Intel GPU: Failed to initialize PMU

2025/02/25 (11:37:08) | ===> btop++ v.1.4.0
2025/02/25 (11:37:08) | WARNING: Intel GPU: Failed to initialize PMU

2025/02/25 (12:10:12) | ===> btop++ v.1.4.0
2025/02/25 (12:10:12) | WARNING: Intel GPU: Failed to initialize PMU

2025/02/25 (12:13:59) | ===> btop++ v.1.4.0
2025/02/25 (12:13:59) | WARNING: Intel GPU: Failed to initialize PMU

2025/02/25 (13:55:12) | ===> btop++ v.1.4.0
2025/02/25 (13:55:12) | WARNING: Intel GPU: Failed to initialize PMU

2025/02/25 (13:55:28) | ===> btop++ v.1.4.0
2025/02/25 (13:55:28) | WARNING: Intel GPU: Failed to initialize PMU

2025/02/25 (16:18:04) | ===> btop++ v.1.4.0
2025/02/25 (16:18:04) | WARNING: Intel GPU: Failed to initialize PMU

2025/02/26 (09:12:25) | ===> btop++ v.1.4.0
2025/02/26 (09:12:25) | WARNING: Intel GPU: Failed to initialize PMU

2025/02/26 (09:21:58) | ===> btop++ v.1.4.0
2025/02/26 (09:21:58) | WARNING: Intel GPU: Failed to initialize PMU

2025/02/26 (09:24:32) | ===> btop++ v.1.4.0
2025/02/26 (09:24:32) | WARNING: Intel GPU: Failed to initialize PMU

2025/02/26 (09:26:15) | ===> btop++ v.1.4.0
2025/02/26 (09:26:15) | WARNING: Intel GPU: Failed to initialize PMU

2025/02/26 (09:31:13) | ===> btop++ v.1.4.0
2025/02/26 (09:31:13) | WARNING: Intel GPU: Failed to initialize PMU

2025/02/26 (10:54:29) | ===> btop++ v.1.4.0
2025/02/26 (10:54:29) | WARNING: Intel GPU: Failed to initialize PMU

2025/02/26 (13:14:19) | ===> btop++ v.1.4.0
2025/02/26 (13:14:19) | WARNING: Intel GPU: Failed to initialize PMU

2025/02/26 (18:35:01) | ===> btop++ v.1.4.0
2025/02/26 (18:35:01) | WARNING: Intel GPU: Failed to initialize PMU

2025/02/26 (18:37:22) | ===> btop++ v.1.4.0
2025/02/26 (18:37:22) | WARNING: Intel GPU: Failed to initialize PMU

2025/02/26 (18:37:35) | ===> btop++ v.1.4.0
2025/02/26 (18:37:35) | WARNING: Intel GPU: Failed to initialize PMU

2025/02/26 (18:50:59) | ===> btop++ v.1.4.0
2025/02/26 (18:50:59) | WARNING: Intel GPU: Failed to initialize PMU

2025/02/26 (19:00:58) | ===> btop++ v.1.4.0
2025/02/26 (19:00:58) | WARNING: Intel GPU: Failed to initialize PMU

2025/02/26 (19:03:39) | ===> btop++ v.1.4.0
2025/02/26 (19:03:39) | WARNING: Intel GPU: Failed to initialize PMU

2025/02/26 (19:35:30) | ===> btop++ v.1.4.0
2025/02/26 (19:35:30) | WARNING: Intel GPU: Failed to initialize PMU

2025/02/27 (09:28:16) | ===> btop++ v.1.4.0
2025/02/27 (09:28:16) | WARNING: Intel GPU: Failed to initialize PMU

2025/02/27 (18:56:59) | ===> btop++ v.1.4.0
2025/02/27 (18:56:59) | WARNING: Intel GPU: Failed to initialize PMU

2025/02/27 (20:56:55) | ===> btop++ v.1.4.0
2025/02/27 (20:56:55) | WARNING: Intel GPU: Failed to initialize PMU

2025/02/27 (20:57:20) | ===> btop++ v.1.4.0
2025/02/27 (20:57:20) | WARNING: Intel GPU: Failed to initialize PMU

2025/02/27 (22:33:12) | ===> btop++ v.1.4.0
2025/02/27 (22:33:12) | WARNING: Intel GPU: Failed to initialize PMU

2025/02/28 (10:26:48) | ===> btop++ v.1.4.0
2025/02/28 (10:26:48) | WARNING: Intel GPU: Failed to initialize PMU

2025/02/28 (10:40:37) | ===> btop++ v.1.4.0
2025/02/28 (10:40:37) | WARNING: Intel GPU: Failed to initialize PMU

2025/02/28 (12:29:07) | ===> btop++ v.1.4.0
2025/02/28 (12:29:07) | WARNING: Intel GPU: Failed to initialize PMU

2025/02/28 (19:34:00) | ===> btop++ v.1.4.0
2025/02/28 (19:34:00) | WARNING: Intel GPU: Failed to initialize PMU

2025/02/28 (19:35:14) | ===> btop++ v.1.4.0
2025/02/28 (19:35:14) | WARNING: Intel GPU: Failed to initialize PMU

2025/03/01 (10:09:08) | ===> btop++ v.1.4.0
2025/03/01 (10:09:08) | WARNING: Intel GPU: Failed to initialize PMU

2025/03/01 (10:14:54) | ===> btop++ v.1.4.0
2025/03/01 (10:14:54) | WARNING: Intel GPU: Failed to initialize PMU

2025/03/02 (11:11:40) | ===> btop++ v.1.4.0
2025/03/02 (11:11:40) | WARNING: Intel GPU: Failed to initialize PMU

2025/03/02 (11:13:00) | ===> btop++ v.1.4.0
2025/03/02 (11:13:00) | WARNING: Intel GPU: Failed to initialize PMU

2025/03/02 (11:13:17) | ===> btop++ v.1.4.0
2025/03/02 (11:13:17) | WARNING: Intel GPU: Failed to initialize PMU

2025/03/02 (11:28:30) | ===> btop++ v.1.4.0
2025/03/02 (11:28:30) | WARNING: Intel GPU: Failed to initialize PMU

2025/03/02 (11:32:12) | ===> btop++ v.1.4.0
2025/03/02 (11:32:12) | WARNING: Intel GPU: Failed to initialize PMU

2025/03/02 (11:32:21) | ===> btop++ v.1.4.0
2025/03/02 (11:32:21) | WARNING: Intel GPU: Failed to initialize PMU

2025/03/02 (14:04:45) | ===> btop++ v.1.4.0
2025/03/02 (14:04:45) | WARNING: Intel GPU: Failed to initialize PMU

2025/03/13 (16:13:08) | ===> btop++ v.1.4.0
2025/03/13 (16:13:08) | WARNING: Intel GPU: Failed to initialize PMU

2025/03/13 (16:13:28) | ===> btop++ v.1.4.0
2025/03/13 (16:13:28) | WARNING: Intel GPU: Failed to initialize PMU

2025/03/16 (16:27:30) | ===> btop++ v.1.4.0
2025/03/16 (16:27:30) | WARNING: Intel GPU: Failed to initialize PMU

2025/03/16 (16:27:43) | ===> btop++ v.1.4.0
2025/03/16 (16:27:43) | WARNING: Intel GPU: Failed to initialize PMU

2025/03/16 (21:30:59) | ===> btop++ v.1.4.0
2025/03/16 (21:30:59) | WARNING: Intel GPU: Failed to initialize PMU

2025/03/17 (12:55:08) | ===> btop++ v.1.4.0
2025/03/17 (12:55:08) | WARNING: Intel GPU: Failed to initialize PMU

2025/03/17 (15:23:37) | ===> btop++ v.1.4.0
2025/03/17 (15:23:37) | WARNING: Intel GPU: Failed to initialize PMU

2025/03/17 (21:06:59) | ===> btop++ v.1.4.0
2025/03/17 (21:06:59) | WARNING: Intel GPU: Failed to initialize PMU

2025/03/17 (21:13:45) | ===> btop++ v.1.4.0
2025/03/17 (21:13:45) | WARNING: Intel GPU: Failed to initialize PMU

2025/03/17 (21:22:06) | ===> btop++ v.1.4.0
2025/03/17 (21:22:06) | WARNING: Intel GPU: Failed to initialize PMU

2025/03/17 (21:23:43) | ===> btop++ v.1.4.0
2025/03/17 (21:23:43) | WARNING: Intel GPU: Failed to initialize PMU

2025/03/17 (21:34:28) | ===> btop++ v.1.4.0
2025/03/17 (21:34:28) | WARNING: Intel GPU: Failed to initialize PMU

2025/03/17 (21:35:22) | ===> btop++ v.1.4.0
2025/03/17 (21:35:22) | WARNING: Intel GPU: Failed to initialize PMU

2025/03/17 (21:38:00) | ===> btop++ v.1.4.0
2025/03/17 (21:38:00) | WARNING: Intel GPU: Failed to initialize PMU

2025/03/17 (21:40:20) | ===> btop++ v.1.4.0
2025/03/17 (21:40:20) | WARNING: Intel GPU: Failed to initialize PMU

2025/03/18 (18:31:17) | ===> btop++ v.1.4.0
2025/03/18 (18:31:17) | WARNING: Intel GPU: Failed to initialize PMU

2025/03/19 (19:22:44) | ===> btop++ v.1.4.0
2025/03/19 (19:22:44) | WARNING: Intel GPU: Failed to initialize PMU

2025/03/19 (19:31:07) | ===> btop++ v.1.4.0
2025/03/19 (19:31:07) | WARNING: Intel GPU: Failed to initialize PMU

2025/03/19 (19:31:19) | ===> btop++ v.1.4.0
2025/03/19 (19:31:19) | WARNING: Intel GPU: Failed to initialize PMU

2025/03/19 (20:53:58) | ===> btop++ v.1.4.0
2025/03/19 (20:53:58) | WARNING: Intel GPU: Failed to initialize PMU

2025/03/19 (20:56:02) | ===> btop++ v.1.4.0
2025/03/19 (20:56:02) | WARNING: Intel GPU: Failed to initialize PMU

2025/03/19 (20:58:36) | ===> btop++ v.1.4.0
2025/03/19 (20:58:36) | WARNING: Intel GPU: Failed to initialize PMU

2025/03/19 (21:18:41) | ===> btop++ v.1.4.0
2025/03/19 (21:18:41) | WARNING: Intel GPU: Failed to initialize PMU

2025/03/19 (21:21:07) | ===> btop++ v.1.4.0
2025/03/19 (21:21:07) | WARNING: Intel GPU: Failed to initialize PMU
2025/03/19 (21:21:29) | ERROR: Couldn't determine terminal size of "STDOUT_FILENO"!
2025/03/19 (21:21:29) | ERROR: Couldn't determine terminal size of "/dev/tty"!

2025/03/20 (15:26:44) | ===> btop++ v.1.4.0
2025/03/20 (15:26:44) | WARNING: Intel GPU: Failed to initialize PMU

2025/03/20 (15:27:13) | ===> btop++ v.1.4.0
2025/03/20 (15:27:13) | WARNING: Intel GPU: Failed to initialize PMU

2025/03/20 (15:51:58) | ===> btop++ v.1.4.0
2025/03/20 (15:51:58) | WARNING: Intel GPU: Failed to initialize PMU

2025/03/20 (17:51:42) | ===> btop++ v.1.4.0
2025/03/20 (17:51:42) | WARNING: Intel GPU: Failed to initialize PMU

2025/03/20 (17:56:59) | ===> btop++ v.1.4.0
2025/03/20 (17:56:59) | WARNING: Intel GPU: Failed to initialize PMU

2025/03/20 (17:59:57) | ===> btop++ v.1.4.0
2025/03/20 (17:59:57) | WARNING: Intel GPU: Failed to initialize PMU

2025/03/20 (18:03:57) | ===> btop++ v.1.4.0
2025/03/20 (18:03:57) | WARNING: Intel GPU: Failed to initialize PMU

2025/03/20 (18:04:56) | ===> btop++ v.1.4.0
2025/03/20 (18:04:56) | WARNING: Intel GPU: Failed to initialize PMU

2025/03/20 (18:20:07) | ===> btop++ v.1.4.0
2025/03/20 (18:20:07) | WARNING: Intel GPU: Failed to initialize PMU

2025/03/20 (21:05:28) | ===> btop++ v.1.4.0
2025/03/20 (21:05:28) | WARNING: Intel GPU: Failed to initialize PMU

2025/03/20 (21:09:55) | ===> btop++ v.1.4.0
2025/03/20 (21:09:55) | WARNING: Intel GPU: Failed to initialize PMU

2025/03/20 (21:11:22) | ===> btop++ v.1.4.0
2025/03/20 (21:11:22) | WARNING: Intel GPU: Failed to initialize PMU

2025/03/20 (21:31:28) | ===> btop++ v.1.4.0
2025/03/20 (21:31:28) | WARNING: Intel GPU: Failed to initialize PMU

2025/03/20 (22:03:58) | ===> btop++ v.1.4.0
2025/03/20 (22:03:58) | WARNING: Intel GPU: Failed to initialize PMU

2025/03/21 (12:34:17) | ===> btop++ v.1.4.0
2025/03/21 (12:34:17) | WARNING: Intel GPU: Failed to initialize PMU

2025/03/21 (22:54:09) | ===> btop++ v.1.4.0
2025/03/21 (22:54:09) | WARNING: Intel GPU: Failed to initialize PMU
2025/03/21 (22:54:19) | ERROR: Couldn't determine terminal size of "STDOUT_FILENO"!
2025/03/21 (22:54:19) | ERROR: Couldn't determine terminal size of "/dev/tty"!

2025/03/22 (18:51:34) | ===> btop++ v.1.4.0
2025/03/22 (18:51:34) | WARNING: Intel GPU: Failed to initialize PMU

2025/03/29 (14:56:19) | ===> btop++ v.1.4.0
2025/03/29 (14:56:19) | WARNING: Intel GPU: Failed to initialize PMU

2025/03/29 (14:58:33) | ===> btop++ v.1.4.0
2025/03/29 (14:58:33) | WARNING: Intel GPU: Failed to initialize PMU

2025/03/29 (14:59:11) | ===> btop++ v.1.4.0
2025/03/29 (14:59:11) | WARNING: Intel GPU: Failed to initialize PMU

2025/03/30 (17:59:31) | ===> btop++ v.1.4.0
2025/03/30 (17:59:31) | WARNING: Intel GPU: Failed to initialize PMU

2025/03/30 (18:33:11) | ===> btop++ v.1.4.0
2025/03/30 (18:33:11) | WARNING: Intel GPU: Failed to initialize PMU
2025/03/30 (19:29:47) | WARNING: Failed to join _runner thread on exit!

2025/03/30 (22:08:59) | ===> btop++ v.1.4.0
2025/03/30 (22:08:59) | WARNING: Intel GPU: Failed to initialize PMU
2025/03/30 (22:40:46) | ERROR: Stall in Runner thread, restarting!

2025/03/30 (22:46:55) | ===> btop++ v.1.4.0
2025/03/30 (22:46:55) | WARNING: Intel GPU: Failed to initialize PMU

2025/03/30 (22:49:24) | ===> btop++ v.1.4.0
2025/03/30 (22:49:24) | WARNING: Intel GPU: Failed to initialize PMU

2025/03/30 (22:49:42) | ===> btop++ v.1.4.0
2025/03/30 (22:49:42) | WARNING: Intel GPU: Failed to initialize PMU
2025/03/30 (22:50:07) | ERROR: Couldn't determine terminal size of "STDOUT_FILENO"!
2025/03/30 (22:50:07) | ERROR: Couldn't determine terminal size of "/dev/tty"!

2025/03/30 (22:56:56) | ===> btop++ v.1.4.0
2025/03/30 (22:56:56) | WARNING: Intel GPU: Failed to initialize PMU
2025/03/30 (22:57:03) | ERROR: Couldn't determine terminal size of "STDOUT_FILENO"!
2025/03/30 (22:57:03) | ERROR: Couldn't determine terminal size of "/dev/tty"!

2025/03/30 (22:57:05) | ===> btop++ v.1.4.0
2025/03/30 (22:57:05) | WARNING: Intel GPU: Failed to initialize PMU

2025/03/30 (22:57:28) | ===> btop++ v.1.4.0
2025/03/30 (22:57:28) | WARNING: Intel GPU: Failed to initialize PMU

2025/03/30 (22:57:43) | ===> btop++ v.1.4.0
2025/03/30 (22:57:43) | WARNING: Intel GPU: Failed to initialize PMU

2025/03/30 (22:58:56) | ===> btop++ v.1.4.0
2025/03/30 (22:58:56) | WARNING: Intel GPU: Failed to initialize PMU

2025/03/30 (22:59:02) | ===> btop++ v.1.4.0
2025/03/30 (22:59:02) | WARNING: Intel GPU: Failed to initialize PMU
2025/03/30 (22:59:14) | ERROR: Couldn't determine terminal size of "STDOUT_FILENO"!
2025/03/30 (22:59:14) | ERROR: Couldn't determine terminal size of "/dev/tty"!

2025/03/30 (22:59:29) | ===> btop++ v.1.4.0
2025/03/30 (22:59:29) | WARNING: Intel GPU: Failed to initialize PMU

2025/03/30 (23:00:20) | ===> btop++ v.1.4.0
2025/03/30 (23:00:20) | WARNING: Intel GPU: Failed to initialize PMU

2025/03/30 (23:00:38) | ===> btop++ v.1.4.0
2025/03/30 (23:00:38) | WARNING: Intel GPU: Failed to initialize PMU

2025/03/30 (23:07:33) | ===> btop++ v.1.4.0
2025/03/30 (23:07:33) | WARNING: Intel GPU: Failed to initialize PMU
2025/03/30 (23:07:44) | ERROR: Couldn't determine terminal size of "STDOUT_FILENO"!
2025/03/30 (23:07:44) | ERROR: Couldn't determine terminal size of "/dev/tty"!

2025/03/30 (23:21:09) | ===> btop++ v.1.4.0
2025/03/30 (23:21:09) | WARNING: Intel GPU: Failed to initialize PMU

2025/03/31 (13:55:10) | ===> btop++ v.1.4.0
2025/03/31 (13:55:10) | WARNING: Intel GPU: Failed to initialize PMU

2025/03/31 (16:58:54) | ===> btop++ v.1.4.0
2025/03/31 (16:58:54) | WARNING: Intel GPU: Failed to initialize PMU

2025/04/01 (11:05:00) | ===> btop++ v.1.4.0
2025/04/01 (11:05:00) | WARNING: Intel GPU: Failed to initialize PMU

2025/04/01 (11:05:05) | ===> btop++ v.1.4.0
2025/04/01 (11:05:05) | WARNING: Intel GPU: Failed to initialize PMU

2025/04/01 (15:01:04) | ===> btop++ v.1.4.0
2025/04/01 (15:01:04) | WARNING: Intel GPU: Failed to initialize PMU

2025/04/01 (17:40:30) | ===> btop++ v.1.4.0
2025/04/01 (17:40:30) | WARNING: Intel GPU: Failed to initialize PMU

2025/04/01 (17:45:22) | ===> btop++ v.1.4.0
2025/04/01 (17:45:22) | WARNING: Intel GPU: Failed to initialize PMU

2025/04/01 (21:35:56) | ===> btop++ v.1.4.0
2025/04/01 (21:35:56) | WARNING: Intel GPU: Failed to initialize PMU

2025/04/01 (23:18:06) | ===> btop++ v.1.4.0
2025/04/01 (23:18:06) | WARNING: Intel GPU: Failed to initialize PMU

2025/04/01 (23:18:37) | ===> btop++ v.1.4.0
2025/04/01 (23:18:37) | WARNING: Intel GPU: Failed to initialize PMU

2025/04/01 (23:18:51) | ===> btop++ v.1.4.0
2025/04/01 (23:18:51) | WARNING: Intel GPU: Failed to initialize PMU

2025/04/01 (23:19:09) | ===> btop++ v.1.4.0
2025/04/01 (23:19:09) | WARNING: Intel GPU: Failed to initialize PMU

2025/04/02 (14:48:39) | ===> btop++ v.1.4.0
2025/04/02 (14:48:39) | WARNING: Intel GPU: Failed to initialize PMU

2025/04/02 (21:26:19) | ===> btop++ v.1.4.0
2025/04/02 (21:26:19) | WARNING: Intel GPU: Failed to initialize PMU

2025/04/03 (12:31:15) | ===> btop++ v.1.4.0
2025/04/03 (12:31:15) | WARNING: Intel GPU: Failed to initialize PMU

2025/04/03 (12:34:55) | ===> btop++ v.1.4.0
2025/04/03 (12:34:55) | WARNING: Intel GPU: Failed to initialize PMU

2025/04/03 (12:49:15) | ===> btop++ v.1.4.0
2025/04/03 (12:49:15) | WARNING: Intel GPU: Failed to initialize PMU

2025/04/03 (12:54:12) | ===> btop++ v.1.4.0
2025/04/03 (12:54:12) | WARNING: Intel GPU: Failed to initialize PMU

2025/04/03 (12:54:46) | ===> btop++ v.1.4.0
2025/04/03 (12:54:46) | WARNING: Intel GPU: Failed to initialize PMU

2025/04/03 (12:55:06) | ===> btop++ v.1.4.0
2025/04/03 (12:55:06) | WARNING: Intel GPU: Failed to initialize PMU

2025/04/03 (16:48:08) | ===> btop++ v.1.4.0
2025/04/03 (16:48:08) | WARNING: Intel GPU: Failed to initialize PMU

2025/04/03 (16:48:51) | ===> btop++ v.1.4.0
2025/04/03 (16:48:51) | WARNING: Intel GPU: Failed to initialize PMU

2025/04/03 (16:50:12) | ===> btop++ v.1.4.0
2025/04/03 (16:50:12) | WARNING: Intel GPU: Failed to initialize PMU

2025/04/03 (16:52:20) | ===> btop++ v.1.4.0
2025/04/03 (16:52:20) | WARNING: Intel GPU: Failed to initialize PMU

2025/04/03 (17:22:31) | ===> btop++ v.1.4.0
2025/04/03 (17:22:31) | WARNING: Intel GPU: Failed to initialize PMU

2025/04/03 (17:38:29) | ===> btop++ v.1.4.0
2025/04/03 (17:38:29) | WARNING: Intel GPU: Failed to initialize PMU

2025/04/03 (18:42:20) | ===> btop++ v.1.4.0
2025/04/03 (18:42:20) | WARNING: Intel GPU: Failed to initialize PMU

2025/04/03 (18:42:35) | ===> btop++ v.1.4.0
2025/04/03 (18:42:35) | WARNING: Intel GPU: Failed to initialize PMU

2025/04/03 (18:43:30) | ===> btop++ v.1.4.0
2025/04/03 (18:43:30) | WARNING: Intel GPU: Failed to initialize PMU

2025/04/03 (18:44:04) | ===> btop++ v.1.4.0
2025/04/03 (18:44:04) | WARNING: Intel GPU: Failed to initialize PMU

2025/04/03 (18:44:55) | ===> btop++ v.1.4.0
2025/04/03 (18:44:55) | WARNING: Intel GPU: Failed to initialize PMU

2025/04/03 (18:45:00) | ===> btop++ v.1.4.0
2025/04/03 (18:45:00) | WARNING: Intel GPU: Failed to initialize PMU

2025/04/03 (18:45:11) | ===> btop++ v.1.4.0
2025/04/03 (18:45:11) | WARNING: Intel GPU: Failed to initialize PMU

2025/04/03 (18:45:34) | ===> btop++ v.1.4.0
2025/04/03 (18:45:34) | WARNING: Intel GPU: Failed to initialize PMU

2025/04/03 (18:47:17) | ===> btop++ v.1.4.0
2025/04/03 (18:47:17) | WARNING: Intel GPU: Failed to initialize PMU

2025/04/03 (18:47:24) | ===> btop++ v.1.4.0
2025/04/03 (18:47:24) | WARNING: Intel GPU: Failed to initialize PMU

2025/04/03 (18:47:58) | ===> btop++ v.1.4.0
2025/04/03 (18:47:58) | WARNING: Intel GPU: Failed to initialize PMU

2025/04/03 (18:48:13) | ===> btop++ v.1.4.0
2025/04/03 (18:48:13) | WARNING: Intel GPU: Failed to initialize PMU

2025/04/03 (18:48:56) | ===> btop++ v.1.4.0
2025/04/03 (18:48:56) | WARNING: Intel GPU: Failed to initialize PMU

2025/04/03 (18:49:04) | ===> btop++ v.1.4.0
2025/04/03 (18:49:04) | WARNING: Intel GPU: Failed to initialize PMU

2025/04/03 (18:49:33) | ===> btop++ v.1.4.0
2025/04/03 (18:49:33) | WARNING: Intel GPU: Failed to initialize PMU

2025/04/03 (18:50:10) | ===> btop++ v.1.4.0
2025/04/03 (18:50:10) | WARNING: Intel GPU: Failed to initialize PMU

2025/04/03 (18:50:20) | ===> btop++ v.1.4.0
2025/04/03 (18:50:20) | WARNING: Intel GPU: Failed to initialize PMU

2025/04/03 (18:50:35) | ===> btop++ v.1.4.0
2025/04/03 (18:50:35) | WARNING: Intel GPU: Failed to initialize PMU

2025/04/03 (18:50:46) | ===> btop++ v.1.4.0
2025/04/03 (18:50:46) | WARNING: Intel GPU: Failed to initialize PMU

2025/04/03 (18:51:08) | ===> btop++ v.1.4.0
2025/04/03 (18:51:08) | WARNING: Intel GPU: Failed to initialize PMU

2025/04/03 (18:51:19) | ===> btop++ v.1.4.0
2025/04/03 (18:51:19) | WARNING: Intel GPU: Failed to initialize PMU

2025/04/03 (18:51:27) | ===> btop++ v.1.4.0
2025/04/03 (18:51:27) | WARNING: Intel GPU: Failed to initialize PMU

2025/04/03 (18:51:41) | ===> btop++ v.1.4.0
2025/04/03 (18:51:41) | WARNING: Intel GPU: Failed to initialize PMU

2025/04/03 (18:52:23) | ===> btop++ v.1.4.0
2025/04/03 (18:52:23) | WARNING: Intel GPU: Failed to initialize PMU

2025/04/03 (18:53:41) | ===> btop++ v.1.4.0
2025/04/03 (18:53:41) | WARNING: Intel GPU: Failed to initialize PMU

2025/04/03 (18:54:33) | ===> btop++ v.1.4.0
2025/04/03 (18:54:33) | WARNING: Intel GPU: Failed to initialize PMU

2025/04/03 (18:55:18) | ===> btop++ v.1.4.0
2025/04/03 (18:55:18) | WARNING: Intel GPU: Failed to initialize PMU

2025/04/03 (18:56:51) | ===> btop++ v.1.4.0
2025/04/03 (18:56:51) | WARNING: Intel GPU: Failed to initialize PMU

2025/04/03 (18:57:25) | ===> btop++ v.1.4.0
2025/04/03 (18:57:25) | WARNING: Intel GPU: Failed to initialize PMU

2025/04/03 (20:30:00) | ===> btop++ v.1.4.0
2025/04/03 (20:30:00) | WARNING: Intel GPU: Failed to initialize PMU

2025/04/03 (20:30:03) | ===> btop++ v.1.4.0
2025/04/03 (20:30:03) | WARNING: Intel GPU: Failed to initialize PMU
2025/04/03 (20:30:05) | WARNING: Failed to join _runner thread on exit!

2025/04/03 (20:30:07) | ===> btop++ v.1.4.0
2025/04/03 (20:30:07) | WARNING: Intel GPU: Failed to initialize PMU
2025/04/03 (20:30:08) | WARNING: Failed to join _runner thread on exit!

2025/04/03 (20:30:20) | ===> btop++ v.1.4.0
2025/04/03 (20:30:20) | WARNING: Intel GPU: Failed to initialize PMU

2025/04/03 (20:31:28) | ===> btop++ v.1.4.0
2025/04/03 (20:31:28) | WARNING: Intel GPU: Failed to initialize PMU
2025/04/03 (20:31:29) | WARNING: Failed to join _runner thread on exit!

2025/04/03 (20:41:08) | ===> btop++ v.1.4.0
2025/04/03 (20:41:08) | WARNING: Intel GPU: Failed to initialize PMU

2025/04/03 (23:02:33) | ===> btop++ v.1.4.0
2025/04/03 (23:02:33) | WARNING: Intel GPU: Failed to initialize PMU

2025/04/03 (23:04:35) | ===> btop++ v.1.4.0
2025/04/03 (23:04:35) | WARNING: Intel GPU: Failed to initialize PMU

2025/04/03 (23:10:58) | ===> btop++ v.1.4.0
2025/04/03 (23:10:58) | WARNING: Intel GPU: Failed to initialize PMU

2025/04/03 (23:46:38) | ===> btop++ v.1.4.0
2025/04/03 (23:46:38) | WARNING: Intel GPU: Failed to initialize PMU

2025/04/03 (23:51:42) | ===> btop++ v.1.4.0
2025/04/03 (23:51:42) | WARNING: Intel GPU: Failed to initialize PMU

2025/04/03 (23:52:55) | ===> btop++ v.1.4.0
2025/04/03 (23:52:55) | WARNING: Intel GPU: Failed to initialize PMU

2025/04/03 (23:53:00) | ===> btop++ v.1.4.0
2025/04/03 (23:53:00) | WARNING: Intel GPU: Failed to initialize PMU

2025/04/03 (23:53:41) | ===> btop++ v.1.4.0
2025/04/03 (23:53:41) | WARNING: Intel GPU: Failed to initialize PMU

2025/04/04 (09:39:24) | ===> btop++ v.1.4.0
2025/04/04 (09:39:24) | WARNING: Intel GPU: Failed to initialize PMU

2025/04/04 (10:54:37) | ===> btop++ v.1.4.0
2025/04/04 (10:54:37) | WARNING: Intel GPU: Failed to initialize PMU

2025/04/04 (10:55:31) | ===> btop++ v.1.4.0
2025/04/04 (10:55:31) | WARNING: Intel GPU: Failed to initialize PMU

2025/04/04 (11:10:31) | ===> btop++ v.1.4.0
2025/04/04 (11:10:31) | WARNING: Intel GPU: Failed to initialize PMU

2025/04/04 (11:11:47) | ===> btop++ v.1.4.0
2025/04/04 (11:11:47) | WARNING: Intel GPU: Failed to initialize PMU

2025/04/04 (11:31:42) | ===> btop++ v.1.4.0
2025/04/04 (11:31:42) | WARNING: Intel GPU: Failed to initialize PMU

2025/04/04 (12:00:29) | ===> btop++ v.1.4.0
2025/04/04 (12:00:29) | WARNING: Intel GPU: Failed to initialize PMU

2025/04/04 (12:22:34) | ===> btop++ v.1.4.0
2025/04/04 (12:22:34) | WARNING: Intel GPU: Failed to initialize PMU

2025/04/04 (12:34:31) | ===> btop++ v.1.4.0
2025/04/04 (12:34:31) | WARNING: Intel GPU: Failed to initialize PMU

2025/04/04 (16:16:44) | ===> btop++ v.1.4.0
2025/04/04 (16:16:44) | WARNING: Intel GPU: Failed to initialize PMU

2025/04/04 (16:16:51) | ===> btop++ v.1.4.0
2025/04/04 (16:16:51) | WARNING: Intel GPU: Failed to initialize PMU

2025/04/04 (16:22:00) | ===> btop++ v.1.4.0
2025/04/04 (16:22:00) | WARNING: Intel GPU: Failed to initialize PMU

2025/04/04 (18:16:51) | ===> btop++ v.1.4.0
2025/04/04 (18:16:51) | WARNING: Intel GPU: Failed to initialize PMU

2025/04/04 (19:59:06) | ===> btop++ v.1.4.0
2025/04/04 (19:59:06) | WARNING: Intel GPU: Failed to initialize PMU

2025/04/04 (21:41:19) | ===> btop++ v.1.4.0
2025/04/04 (21:41:19) | WARNING: Intel GPU: Failed to initialize PMU

2025/04/04 (22:20:27) | ===> btop++ v.1.4.0
2025/04/04 (22:20:27) | WARNING: Intel GPU: Failed to initialize PMU

2025/04/05 (13:33:04) | ===> btop++ v.1.4.0
2025/04/05 (13:33:04) | WARNING: Intel GPU: Failed to initialize PMU

2025/04/05 (15:52:53) | ===> btop++ v.1.4.0
2025/04/05 (15:52:53) | WARNING: Intel GPU: Failed to initialize PMU

2025/04/05 (21:06:43) | ===> btop++ v.1.4.0
2025/04/05 (21:06:43) | WARNING: Intel GPU: Failed to initialize PMU

2025/04/05 (22:58:38) | ===> btop++ v.1.4.0
2025/04/05 (22:58:38) | WARNING: Intel GPU: Failed to initialize PMU

2025/04/06 (10:41:33) | ===> btop++ v.1.4.0
2025/04/06 (10:41:33) | WARNING: Intel GPU: Failed to initialize PMU

2025/04/06 (10:41:42) | ===> btop++ v.1.4.0
2025/04/06 (10:41:42) | WARNING: Intel GPU: Failed to initialize PMU

2025/04/06 (12:33:08) | ===> btop++ v.1.4.0
2025/04/06 (12:33:08) | WARNING: Intel GPU: Failed to initialize PMU

2025/04/06 (13:22:24) | ===> btop++ v.1.4.0
2025/04/06 (13:22:24) | WARNING: Intel GPU: Failed to initialize PMU

2025/04/06 (18:52:30) | ===> btop++ v.1.4.0
2025/04/06 (18:52:30) | WARNING: Intel GPU: Failed to initialize PMU

2025/04/06 (22:58:54) | ===> btop++ v.1.4.0
2025/04/06 (22:58:54) | WARNING: Intel GPU: Failed to initialize PMU

2025/04/07 (15:46:14) | ===> btop++ v.1.4.0
2025/04/07 (15:46:14) | WARNING: Intel GPU: Failed to initialize PMU

2025/04/08 (21:11:50) | ===> btop++ v.1.4.0
2025/04/08 (21:11:50) | WARNING: Intel GPU: Failed to initialize PMU

2025/04/09 (17:51:39) | ===> btop++ v.1.4.0
2025/04/09 (17:51:39) | WARNING: Intel GPU: Failed to initialize PMU

2025/04/09 (17:54:35) | ===> btop++ v.1.4.0
2025/04/09 (17:54:35) | WARNING: Intel GPU: Failed to initialize PMU

2025/04/09 (18:30:57) | ===> btop++ v.1.4.0
2025/04/09 (18:30:57) | WARNING: Intel GPU: Failed to initialize PMU

2025/04/09 (18:31:03) | ===> btop++ v.1.4.0
2025/04/09 (18:31:03) | WARNING: Intel GPU: Failed to initialize PMU

2025/04/09 (19:50:37) | ===> btop++ v.1.4.0
2025/04/09 (19:50:37) | WARNING: Intel GPU: Failed to initialize PMU

2025/04/10 (17:31:01) | ===> btop++ v.1.4.0
2025/04/10 (17:31:01) | WARNING: Intel GPU: Failed to initialize PMU

2025/04/10 (17:31:22) | ===> btop++ v.1.4.0
2025/04/10 (17:31:22) | WARNING: Intel GPU: Failed to initialize PMU

2025/04/10 (20:36:10) | ===> btop++ v.1.4.0
2025/04/10 (20:36:10) | WARNING: Intel GPU: Failed to initialize PMU

2025/04/10 (20:54:12) | ===> btop++ v.1.4.0
2025/04/10 (20:54:12) | WARNING: Intel GPU: Failed to initialize PMU

2025/04/10 (20:54:48) | ===> btop++ v.1.4.0
2025/04/10 (20:54:48) | WARNING: Intel GPU: Failed to initialize PMU

2025/04/10 (20:55:08) | ===> btop++ v.1.4.0
2025/04/10 (20:55:08) | WARNING: Intel GPU: Failed to initialize PMU

2025/04/10 (22:59:45) | ===> btop++ v.1.4.0
2025/04/10 (22:59:45) | WARNING: Intel GPU: Failed to initialize PMU

2025/04/10 (23:00:51) | ===> btop++ v.1.4.0
2025/04/10 (23:00:51) | WARNING: Intel GPU: Failed to initialize PMU

2025/04/10 (23:03:14) | ===> btop++ v.1.4.0
2025/04/10 (23:03:14) | WARNING: Intel GPU: Failed to initialize PMU

2025/04/10 (23:03:38) | ===> btop++ v.1.4.0
2025/04/10 (23:03:38) | WARNING: Intel GPU: Failed to initialize PMU

2025/04/10 (23:05:41) | ===> btop++ v.1.4.0
2025/04/10 (23:05:41) | WARNING: Intel GPU: Failed to initialize PMU

2025/04/11 (17:12:41) | ===> btop++ v.1.4.0
2025/04/11 (17:12:41) | WARNING: Intel GPU: Failed to initialize PMU

2025/04/12 (11:55:42) | ===> btop++ v.1.4.0
2025/04/12 (11:55:42) | WARNING: Intel GPU: Failed to initialize PMU

2025/04/12 (12:15:36) | ===> btop++ v.1.4.0
2025/04/12 (12:15:36) | WARNING: Intel GPU: Failed to initialize PMU

2025/04/12 (12:57:54) | ===> btop++ v.1.4.0
2025/04/12 (12:57:54) | WARNING: Intel GPU: Failed to initialize PMU

2025/04/12 (12:58:58) | ===> btop++ v.1.4.0
2025/04/12 (12:58:58) | WARNING: Intel GPU: Failed to initialize PMU

2025/04/12 (15:52:30) | ===> btop++ v.1.4.0
2025/04/12 (15:52:30) | WARNING: Intel GPU: Failed to initialize PMU

2025/04/12 (15:55:22) | ===> btop++ v.1.4.0
2025/04/12 (15:55:22) | WARNING: Intel GPU: Failed to initialize PMU

2025/04/12 (16:41:49) | ===> btop++ v.1.4.0
2025/04/12 (16:41:49) | WARNING: Intel GPU: Failed to initialize PMU

2025/04/12 (18:38:15) | ===> btop++ v.1.4.0
2025/04/12 (18:38:15) | WARNING: Intel GPU: Failed to initialize PMU

2025/04/12 (18:39:55) | ===> btop++ v.1.4.0
2025/04/12 (18:39:55) | WARNING: Intel GPU: Failed to initialize PMU

2025/04/12 (18:48:02) | ===> btop++ v.1.4.0
2025/04/12 (18:48:02) | WARNING: Intel GPU: Failed to initialize PMU

2025/04/12 (18:59:34) | ===> btop++ v.1.4.0
2025/04/12 (18:59:34) | WARNING: Intel GPU: Failed to initialize PMU

2025/04/12 (19:06:17) | ===> btop++ v.1.4.0
2025/04/12 (19:06:17) | WARNING: Intel GPU: Failed to initialize PMU

2025/04/12 (19:11:54) | ===> btop++ v.1.4.0
2025/04/12 (19:11:54) | WARNING: Intel GPU: Failed to initialize PMU

2025/04/12 (20:59:39) | ===> btop++ v.1.4.0
2025/04/12 (20:59:39) | WARNING: Intel GPU: Failed to initialize PMU

2025/04/12 (21:49:18) | ===> btop++ v.1.4.0
2025/04/12 (21:49:18) | WARNING: Intel GPU: Failed to initialize PMU

2025/04/12 (21:53:08) | ===> btop++ v.1.4.0
2025/04/12 (21:53:08) | WARNING: Intel GPU: Failed to initialize PMU

2025/04/12 (23:09:23) | ===> btop++ v.1.4.0
2025/04/12 (23:09:23) | WARNING: Intel GPU: Failed to initialize PMU

2025/04/12 (23:10:51) | ===> btop++ v.1.4.0
2025/04/12 (23:10:51) | WARNING: Intel GPU: Failed to initialize PMU

2025/04/12 (23:12:10) | ===> btop++ v.1.4.0
2025/04/12 (23:12:10) | WARNING: Intel GPU: Failed to initialize PMU

2025/04/12 (23:13:01) | ===> btop++ v.1.4.0
2025/04/12 (23:13:01) | WARNING: Intel GPU: Failed to initialize PMU

2025/04/12 (23:18:26) | ===> btop++ v.1.4.0
2025/04/12 (23:18:26) | WARNING: Intel GPU: Failed to initialize PMU

2025/04/12 (23:19:22) | ===> btop++ v.1.4.0
2025/04/12 (23:19:22) | WARNING: Intel GPU: Failed to initialize PMU

2025/04/12 (23:21:32) | ===> btop++ v.1.4.0
2025/04/12 (23:21:32) | WARNING: Intel GPU: Failed to initialize PMU

2025/04/12 (23:26:22) | ===> btop++ v.1.4.0
2025/04/12 (23:26:22) | WARNING: Intel GPU: Failed to initialize PMU

2025/04/12 (23:36:57) | ===> btop++ v.1.4.0
2025/04/12 (23:36:57) | WARNING: Intel GPU: Failed to initialize PMU

2025/04/12 (23:45:06) | ===> btop++ v.1.4.0
2025/04/12 (23:45:06) | WARNING: Intel GPU: Failed to initialize PMU

2025/04/12 (23:46:59) | ===> btop++ v.1.4.0
2025/04/12 (23:46:59) | WARNING: Intel GPU: Failed to initialize PMU

2025/04/13 (12:08:39) | ===> btop++ v.1.4.0
2025/04/13 (12:08:39) | WARNING: Intel GPU: Failed to initialize PMU
2025/04/13 (12:18:40) | ERROR: Couldn't determine terminal size of "STDOUT_FILENO"!
2025/04/13 (12:18:40) | ERROR: Couldn't determine terminal size of "/dev/tty"!

2025/04/13 (12:18:42) | ===> btop++ v.1.4.0
2025/04/13 (12:18:42) | WARNING: Intel GPU: Failed to initialize PMU

2025/04/13 (12:40:35) | ===> btop++ v.1.4.0
2025/04/13 (12:40:35) | WARNING: Intel GPU: Failed to initialize PMU

2025/04/13 (12:43:34) | ===> btop++ v.1.4.0
2025/04/13 (12:43:34) | WARNING: Intel GPU: Failed to initialize PMU

2025/04/13 (12:44:10) | ===> btop++ v.1.4.0
2025/04/13 (12:44:10) | WARNING: Intel GPU: Failed to initialize PMU

2025/04/13 (12:44:17) | ===> btop++ v.1.4.0
2025/04/13 (12:44:17) | WARNING: Intel GPU: Failed to initialize PMU

2025/04/13 (13:13:25) | ===> btop++ v.1.4.0
2025/04/13 (13:13:25) | WARNING: Intel GPU: Failed to initialize PMU

2025/04/13 (13:24:07) | ===> btop++ v.1.4.0
2025/04/13 (13:24:07) | WARNING: Intel GPU: Failed to initialize PMU
2025/04/13 (13:49:25) | ERROR: Couldn't determine terminal size of "STDOUT_FILENO"!
2025/04/13 (13:49:25) | ERROR: Couldn't determine terminal size of "/dev/tty"!

2025/04/13 (13:49:30) | ===> btop++ v.1.4.0
2025/04/13 (13:49:30) | WARNING: Intel GPU: Failed to initialize PMU

2025/04/13 (13:58:26) | ===> btop++ v.1.4.0
2025/04/13 (13:58:26) | WARNING: Intel GPU: Failed to initialize PMU

2025/04/13 (14:08:22) | ===> btop++ v.1.4.0
2025/04/13 (14:08:22) | WARNING: Intel GPU: Failed to initialize PMU

2025/04/13 (14:19:16) | ===> btop++ v.1.4.0
2025/04/13 (14:19:16) | WARNING: Intel GPU: Failed to initialize PMU

2025/04/13 (15:09:13) | ===> btop++ v.1.4.0
2025/04/13 (15:09:13) | WARNING: Intel GPU: Failed to initialize PMU

2025/04/13 (15:09:47) | ===> btop++ v.1.4.0
2025/04/13 (15:09:47) | WARNING: Intel GPU: Failed to initialize PMU

2025/04/13 (15:25:52) | ===> btop++ v.1.4.0
2025/04/13 (15:25:52) | WARNING: Intel GPU: Failed to initialize PMU

2025/04/13 (15:48:19) | ===> btop++ v.1.4.0
2025/04/13 (15:48:19) | WARNING: Intel GPU: Failed to initialize PMU

2025/04/13 (15:49:30) | ===> btop++ v.1.4.0
2025/04/13 (15:49:30) | WARNING: Intel GPU: Failed to initialize PMU

2025/04/13 (16:07:20) | ===> btop++ v.1.4.0
2025/04/13 (16:07:20) | WARNING: Intel GPU: Failed to initialize PMU

2025/04/13 (16:18:20) | ===> btop++ v.1.4.0
2025/04/13 (16:18:20) | WARNING: Intel GPU: Failed to initialize PMU

2025/04/13 (19:14:45) | ===> btop++ v.1.4.0
2025/04/13 (19:14:45) | WARNING: Intel GPU: Failed to initialize PMU

2025/04/13 (19:21:12) | ===> btop++ v.1.4.0
2025/04/13 (19:21:12) | WARNING: Intel GPU: Failed to initialize PMU

2025/04/13 (19:24:12) | ===> btop++ v.1.4.0
2025/04/13 (19:24:12) | WARNING: Intel GPU: Failed to initialize PMU
2025/04/13 (19:25:30) | WARNING: Error in Mem::collect() : filesystem error: cannot get file time: No such file or directory [/etc/fstab]

2025/04/13 (19:33:43) | ===> btop++ v.1.4.0
2025/04/13 (19:33:43) | WARNING: Intel GPU: Failed to initialize PMU

2025/04/13 (19:33:57) | ===> btop++ v.1.4.0
2025/04/13 (19:33:57) | WARNING: Intel GPU: Failed to initialize PMU

2025/04/13 (19:42:05) | ===> btop++ v.1.4.0
2025/04/13 (19:42:05) | WARNING: Intel GPU: Failed to initialize PMU

2025/04/14 (15:07:50) | ===> btop++ v.1.4.0
2025/04/14 (15:07:50) | WARNING: Intel GPU: Failed to initialize PMU

2025/04/14 (15:10:45) | ===> btop++ v.1.4.0
2025/04/14 (15:10:45) | WARNING: Intel GPU: Failed to initialize PMU

2025/04/14 (15:18:28) | ===> btop++ v.1.4.0
2025/04/14 (15:18:28) | WARNING: Intel GPU: Failed to initialize PMU

2025/04/14 (15:19:53) | ===> btop++ v.1.4.0
2025/04/14 (15:19:53) | WARNING: Intel GPU: Failed to initialize PMU

2025/04/14 (15:24:09) | ===> btop++ v.1.4.0
2025/04/14 (15:24:09) | WARNING: Intel GPU: Failed to initialize PMU

2025/04/14 (15:29:59) | ===> btop++ v.1.4.0
2025/04/14 (15:29:59) | WARNING: Intel GPU: Failed to initialize PMU

2025/04/14 (15:30:15) | ===> btop++ v.1.4.0
2025/04/14 (15:30:15) | WARNING: Intel GPU: Failed to initialize PMU

2025/04/14 (16:05:57) | ===> btop++ v.1.4.0
2025/04/14 (16:05:57) | WARNING: Intel GPU: Failed to initialize PMU

2025/04/14 (16:09:06) | ===> btop++ v.1.4.0
2025/04/14 (16:09:06) | WARNING: Intel GPU: Failed to initialize PMU

2025/04/14 (16:46:14) | ===> btop++ v.1.4.0
2025/04/14 (16:46:14) | WARNING: Intel GPU: Failed to initialize PMU

2025/04/15 (07:38:35) | ===> btop++ v.1.4.0
2025/04/15 (07:38:35) | WARNING: Intel GPU: Failed to initialize PMU

2025/04/15 (07:42:07) | ===> btop++ v.1.4.0
2025/04/15 (07:42:07) | WARNING: Intel GPU: Failed to initialize PMU

2025/04/15 (17:06:20) | ===> btop++ v.1.4.0
2025/04/15 (17:06:20) | WARNING: Intel GPU: Failed to initialize PMU

2025/04/15 (17:07:43) | ===> btop++ v.1.4.0
2025/04/15 (17:07:43) | WARNING: Intel GPU: Failed to initialize PMU

2025/04/15 (22:37:54) | ===> btop++ v.1.4.0
2025/04/15 (22:37:54) | WARNING: Intel GPU: Failed to initialize PMU
2025/04/15 (22:43:58) | ERROR: Stall in Runner thread, restarting!
2025/04/15 (22:49:12) | WARNING: Failed to join _runner thread on exit!

2025/04/16 (19:31:10) | ===> btop++ v.1.4.0
2025/04/16 (19:31:10) | WARNING: Intel GPU: Failed to initialize PMU

2025/04/16 (23:03:35) | ===> btop++ v.1.4.0
2025/04/16 (23:03:35) | WARNING: Intel GPU: Failed to initialize PMU

2025/04/17 (07:24:40) | ===> btop++ v.1.4.0
2025/04/17 (07:24:40) | WARNING: Intel GPU: Failed to initialize PMU

2025/04/17 (17:53:13) | ===> btop++ v.1.4.0
2025/04/17 (17:53:13) | WARNING: Intel GPU: Failed to initialize PMU

2025/04/17 (21:10:06) | ===> btop++ v.1.4.0
2025/04/17 (21:10:06) | WARNING: Intel GPU: Failed to initialize PMU

2025/04/19 (22:26:04) | ===> btop++ v.1.4.0
2025/04/19 (22:26:04) | WARNING: Intel GPU: Failed to initialize PMU

2025/04/19 (22:28:11) | ===> btop++ v.1.4.0
2025/04/19 (22:28:11) | WARNING: Intel GPU: Failed to initialize PMU

2025/04/19 (22:32:26) | ===> btop++ v.1.4.0
2025/04/19 (22:32:26) | WARNING: Intel GPU: Failed to initialize PMU

2025/04/19 (22:33:24) | ===> btop++ v.1.4.0
2025/04/19 (22:33:24) | WARNING: Intel GPU: Failed to initialize PMU

2025/04/19 (22:36:07) | ===> btop++ v.1.4.0
2025/04/19 (22:36:07) | WARNING: Intel GPU: Failed to initialize PMU

2025/04/19 (22:36:37) | ===> btop++ v.1.4.0
2025/04/19 (22:36:37) | WARNING: Intel GPU: Failed to initialize PMU

2025/04/19 (22:47:10) | ===> btop++ v.1.4.0
2025/04/19 (22:47:10) | WARNING: Intel GPU: Failed to initialize PMU

2025/04/20 (11:03:14) | ===> btop++ v.1.4.0
2025/04/20 (11:03:14) | WARNING: Intel GPU: Failed to initialize PMU

2025/04/20 (11:08:07) | ===> btop++ v.1.4.0
2025/04/20 (11:08:07) | WARNING: Intel GPU: Failed to initialize PMU

2025/04/20 (12:30:01) | ===> btop++ v.1.4.0
2025/04/20 (12:30:01) | WARNING: Intel GPU: Failed to initialize PMU

2025/04/20 (12:36:52) | ===> btop++ v.1.4.0
2025/04/20 (12:36:52) | WARNING: Intel GPU: Failed to initialize PMU
2025/04/20 (12:36:55) | ERROR: Couldn't determine terminal size of "STDOUT_FILENO"!
2025/04/20 (12:36:55) | ERROR: Couldn't determine terminal size of "/dev/tty"!

2025/04/20 (17:03:28) | ===> btop++ v.1.4.0
2025/04/20 (17:03:28) | WARNING: Intel GPU: Failed to initialize PMU

2025/04/20 (18:00:23) | ===> btop++ v.1.4.0
2025/04/20 (18:00:23) | WARNING: Intel GPU: Failed to initialize PMU

2025/04/20 (21:14:02) | ===> btop++ v.1.4.0
2025/04/20 (21:14:02) | WARNING: Intel GPU: Failed to initialize PMU

2025/04/20 (22:07:40) | ===> btop++ v.1.4.0
2025/04/20 (22:07:40) | WARNING: Intel GPU: Failed to initialize PMU

2025/04/20 (23:39:01) | ===> btop++ v.1.4.0
2025/04/20 (23:39:01) | WARNING: Intel GPU: Failed to initialize PMU

2025/04/20 (23:42:15) | ===> btop++ v.1.4.0
2025/04/20 (23:42:15) | WARNING: Intel GPU: Failed to initialize PMU

2025/04/21 (00:26:37) | ===> btop++ v.1.4.0
2025/04/21 (00:26:37) | WARNING: Intel GPU: Failed to initialize PMU

2025/04/21 (00:27:33) | ===> btop++ v.1.4.0
2025/04/21 (00:27:33) | WARNING: Intel GPU: Failed to initialize PMU

2025/04/21 (01:05:14) | ===> btop++ v.1.4.0
2025/04/21 (01:05:14) | WARNING: Intel GPU: Failed to initialize PMU

2025/04/21 (15:43:09) | ===> btop++ v.1.4.0
2025/04/21 (15:43:09) | WARNING: Intel GPU: Failed to initialize PMU

2025/04/21 (15:46:49) | ===> btop++ v.1.4.0
2025/04/21 (15:46:49) | WARNING: Intel GPU: Failed to initialize PMU

2025/04/21 (17:56:03) | ===> btop++ v.1.4.0
2025/04/21 (17:56:03) | WARNING: Intel GPU: Failed to initialize PMU

2025/04/22 (22:21:15) | ===> btop++ v.1.4.0
2025/04/22 (22:21:15) | WARNING: Intel GPU: Failed to initialize PMU

2025/04/22 (22:21:42) | ===> btop++ v.1.4.0
2025/04/22 (22:21:42) | WARNING: Intel GPU: Failed to initialize PMU

2025/04/23 (18:24:22) | ===> btop++ v.1.4.0
2025/04/23 (18:24:22) | WARNING: Intel GPU: Failed to initialize PMU

2025/04/23 (19:47:43) | ===> btop++ v.1.4.0
2025/04/23 (19:47:43) | WARNING: Intel GPU: Failed to initialize PMU

2025/04/23 (20:41:00) | ===> btop++ v.1.4.0
2025/04/23 (20:41:00) | WARNING: Intel GPU: Failed to initialize PMU

2025/04/23 (21:04:25) | ===> btop++ v.1.4.0
2025/04/23 (21:04:25) | WARNING: Intel GPU: Failed to initialize PMU
2025/04/23 (21:06:42) | ERROR: Couldn't determine terminal size of "STDOUT_FILENO"!
2025/04/23 (21:06:42) | ERROR: Couldn't determine terminal size of "/dev/tty"!

2025/04/23 (21:57:02) | ===> btop++ v.1.4.0
2025/04/23 (21:57:02) | WARNING: Intel GPU: Failed to initialize PMU

2025/04/23 (21:58:22) | ===> btop++ v.1.4.0
2025/04/23 (21:58:22) | WARNING: Intel GPU: Failed to initialize PMU

2025/04/24 (13:16:45) | ===> btop++ v.1.4.0
2025/04/24 (13:16:45) | WARNING: Intel GPU: Failed to initialize PMU

2025/04/24 (13:53:02) | ===> btop++ v.1.4.0
2025/04/24 (13:53:02) | WARNING: Intel GPU: Failed to initialize PMU

2025/04/24 (13:55:34) | ===> btop++ v.1.4.0
2025/04/24 (13:55:34) | WARNING: Intel GPU: Failed to initialize PMU

2025/04/24 (14:27:52) | ===> btop++ v.1.4.0
2025/04/24 (14:27:52) | WARNING: Intel GPU: Failed to initialize PMU

2025/04/24 (15:17:20) | ===> btop++ v.1.4.0
2025/04/24 (15:17:20) | WARNING: Intel GPU: Failed to initialize PMU

2025/04/24 (15:33:49) | ===> btop++ v.1.4.0
2025/04/24 (15:33:49) | WARNING: Intel GPU: Failed to initialize PMU

2025/04/24 (18:36:34) | ===> btop++ v.1.4.0
2025/04/24 (18:36:34) | WARNING: Intel GPU: Failed to initialize PMU

2025/04/25 (07:35:31) | ===> btop++ v.1.4.0
2025/04/25 (07:35:31) | WARNING: Intel GPU: Failed to initialize PMU

2025/04/25 (07:39:26) | ===> btop++ v.1.4.0
2025/04/25 (07:39:26) | WARNING: Intel GPU: Failed to initialize PMU

2025/04/25 (07:39:34) | ===> btop++ v.1.4.0
2025/04/25 (07:39:34) | WARNING: Intel GPU: Failed to initialize PMU

2025/04/25 (07:42:59) | ===> btop++ v.1.4.0
2025/04/25 (07:42:59) | WARNING: Intel GPU: Failed to initialize PMU

2025/04/25 (13:16:45) | ===> btop++ v.1.4.0
2025/04/25 (13:16:45) | WARNING: Intel GPU: Failed to initialize PMU

2025/04/25 (13:20:19) | ===> btop++ v.1.4.0
2025/04/25 (13:20:19) | WARNING: Intel GPU: Failed to initialize PMU

2025/04/25 (14:41:27) | ===> btop++ v.1.4.0
2025/04/25 (14:41:27) | WARNING: Intel GPU: Failed to initialize PMU

2025/04/25 (14:42:33) | ===> btop++ v.1.4.0
2025/04/25 (14:42:33) | WARNING: Intel GPU: Failed to initialize PMU
2025/04/25 (14:42:53) | ERROR: Couldn't determine terminal size of "STDOUT_FILENO"!
2025/04/25 (14:42:53) | ERROR: Couldn't determine terminal size of "/dev/tty"!

2025/04/25 (14:58:04) | ===> btop++ v.1.4.0
2025/04/25 (14:58:04) | WARNING: Intel GPU: Failed to initialize PMU
2025/04/25 (14:58:26) | ERROR: Couldn't determine terminal size of "STDOUT_FILENO"!
2025/04/25 (14:58:26) | ERROR: Couldn't determine terminal size of "/dev/tty"!
2025/04/25 (14:58:27) | ERROR: Couldn't determine terminal size of "STDOUT_FILENO"!
2025/04/25 (14:58:27) | ERROR: Couldn't determine terminal size of "/dev/tty"!
2025/04/25 (14:58:27) | ERROR: Couldn't determine terminal size of "STDOUT_FILENO"!
2025/04/25 (14:58:27) | ERROR: Couldn't determine terminal size of "/dev/tty"!

2025/04/25 (15:39:35) | ===> btop++ v.1.4.0
2025/04/25 (15:39:35) | WARNING: Intel GPU: Failed to initialize PMU

2025/04/25 (15:41:41) | ===> btop++ v.1.4.0
2025/04/25 (15:41:41) | WARNING: Intel GPU: Failed to initialize PMU

2025/04/25 (15:59:38) | ===> btop++ v.1.4.0
2025/04/25 (15:59:38) | WARNING: Intel GPU: Failed to initialize PMU

2025/04/25 (16:36:21) | ===> btop++ v.1.4.0
2025/04/25 (16:36:21) | WARNING: Intel GPU: Failed to initialize PMU

2025/04/25 (16:41:46) | ===> btop++ v.1.4.0
2025/04/25 (16:41:46) | WARNING: Intel GPU: Failed to initialize PMU

2025/04/25 (16:46:22) | ===> btop++ v.1.4.0
2025/04/25 (16:46:22) | WARNING: Intel GPU: Failed to initialize PMU

2025/04/25 (17:06:52) | ===> btop++ v.1.4.0
2025/04/25 (17:06:52) | WARNING: Intel GPU: Failed to initialize PMU

2025/04/25 (17:11:15) | ===> btop++ v.1.4.0
2025/04/25 (17:11:15) | WARNING: Intel GPU: Failed to initialize PMU

2025/04/25 (17:12:49) | ===> btop++ v.1.4.0
2025/04/25 (17:12:49) | WARNING: Intel GPU: Failed to initialize PMU

2025/04/25 (17:12:52) | ===> btop++ v.1.4.0
2025/04/25 (17:12:52) | WARNING: Intel GPU: Failed to initialize PMU

2025/04/25 (17:14:41) | ===> btop++ v.1.4.0
2025/04/25 (17:14:41) | WARNING: Intel GPU: Failed to initialize PMU

2025/04/25 (17:14:54) | ===> btop++ v.1.4.0
2025/04/25 (17:14:54) | WARNING: Intel GPU: Failed to initialize PMU

2025/04/25 (17:17:54) | ===> btop++ v.1.4.0
2025/04/25 (17:17:54) | WARNING: Intel GPU: Failed to initialize PMU

2025/04/25 (17:47:53) | ===> btop++ v.1.4.0
2025/04/25 (17:47:53) | WARNING: Intel GPU: Failed to initialize PMU

2025/04/25 (17:55:54) | ===> btop++ v.1.4.0
2025/04/25 (17:55:54) | WARNING: Intel GPU: Failed to initialize PMU

2025/04/25 (18:06:25) | ===> btop++ v.1.4.0
2025/04/25 (18:06:25) | WARNING: Intel GPU: Failed to initialize PMU

2025/04/25 (18:09:33) | ===> btop++ v.1.4.0
2025/04/25 (18:09:33) | WARNING: Intel GPU: Failed to initialize PMU

2025/04/25 (18:26:01) | ===> btop++ v.1.4.0
2025/04/25 (18:26:01) | WARNING: Intel GPU: Failed to initialize PMU

2025/04/25 (18:37:34) | ===> btop++ v.1.4.0
2025/04/25 (18:37:34) | WARNING: Intel GPU: Failed to initialize PMU

2025/04/25 (19:15:26) | ===> btop++ v.1.4.0
2025/04/25 (19:15:26) | WARNING: Intel GPU: Failed to initialize PMU

2025/04/25 (19:19:29) | ===> btop++ v.1.4.0
2025/04/25 (19:19:29) | WARNING: Intel GPU: Failed to initialize PMU

2025/04/25 (20:26:18) | ===> btop++ v.1.4.0
2025/04/25 (20:26:18) | WARNING: Intel GPU: Failed to initialize PMU

2025/04/25 (20:26:24) | ===> btop++ v.1.4.0
2025/04/25 (20:26:24) | WARNING: Intel GPU: Failed to initialize PMU

2025/04/25 (20:26:57) | ===> btop++ v.1.4.0
2025/04/25 (20:26:57) | WARNING: Intel GPU: Failed to initialize PMU

2025/04/25 (20:50:59) | ===> btop++ v.1.4.0
2025/04/25 (20:50:59) | WARNING: Intel GPU: Failed to initialize PMU

2025/04/25 (20:59:50) | ===> btop++ v.1.4.0
2025/04/25 (20:59:50) | WARNING: Intel GPU: Failed to initialize PMU

2025/04/25 (21:11:25) | ===> btop++ v.1.4.0
2025/04/25 (21:11:25) | WARNING: Intel GPU: Failed to initialize PMU

2025/04/25 (21:38:52) | ===> btop++ v.1.4.0
2025/04/25 (21:38:52) | WARNING: Intel GPU: Failed to initialize PMU

2025/04/26 (08:10:07) | ===> btop++ v.1.4.0
2025/04/26 (08:10:07) | WARNING: Intel GPU: Failed to initialize PMU

2025/04/26 (08:15:18) | ===> btop++ v.1.4.0
2025/04/26 (08:15:18) | WARNING: Intel GPU: Failed to initialize PMU

2025/04/26 (08:15:29) | ===> btop++ v.1.4.0
2025/04/26 (08:15:29) | WARNING: Intel GPU: Failed to initialize PMU

2025/04/26 (09:33:01) | ===> btop++ v.1.4.0
2025/04/26 (09:33:01) | WARNING: Intel GPU: Failed to initialize PMU

2025/04/26 (09:35:50) | ===> btop++ v.1.4.0
2025/04/26 (09:35:50) | WARNING: Intel GPU: Failed to initialize PMU

2025/04/26 (13:10:24) | ===> btop++ v.1.4.0
2025/04/26 (13:10:24) | WARNING: Intel GPU: Failed to initialize PMU

2025/04/26 (13:30:48) | ===> btop++ v.1.4.0
2025/04/26 (13:30:48) | WARNING: Intel GPU: Failed to initialize PMU

2025/04/26 (14:16:57) | ===> btop++ v.1.4.0
2025/04/26 (14:16:57) | WARNING: Intel GPU: Failed to initialize PMU

2025/04/26 (14:26:11) | ===> btop++ v.1.4.0
2025/04/26 (14:26:11) | WARNING: Intel GPU: Failed to initialize PMU

2025/04/26 (14:29:45) | ===> btop++ v.1.4.0
2025/04/26 (14:29:45) | WARNING: Intel GPU: Failed to initialize PMU

2025/04/26 (14:30:42) | ===> btop++ v.1.4.0
2025/04/26 (14:30:42) | WARNING: Intel GPU: Failed to initialize PMU

2025/04/26 (16:46:01) | ===> btop++ v.1.4.0
2025/04/26 (16:46:01) | WARNING: Intel GPU: Failed to initialize PMU

2025/04/26 (16:53:50) | ===> btop++ v.1.4.0
2025/04/26 (16:53:50) | WARNING: Intel GPU: Failed to initialize PMU

2025/04/26 (17:06:51) | ===> btop++ v.1.4.0
2025/04/26 (17:06:51) | WARNING: Intel GPU: Failed to initialize PMU

2025/04/26 (17:20:01) | ===> btop++ v.1.4.0
2025/04/26 (17:20:01) | WARNING: Intel GPU: Failed to initialize PMU

2025/04/26 (17:25:15) | ===> btop++ v.1.4.0
2025/04/26 (17:25:15) | WARNING: Intel GPU: Failed to initialize PMU

2025/04/26 (17:52:32) | ===> btop++ v.1.4.0
2025/04/26 (17:52:32) | WARNING: Intel GPU: Failed to initialize PMU

2025/04/26 (18:49:40) | ===> btop++ v.1.4.0
2025/04/26 (18:49:40) | WARNING: Intel GPU: Failed to initialize PMU

2025/04/26 (18:51:00) | ===> btop++ v.1.4.0
2025/04/26 (18:51:00) | WARNING: Intel GPU: Failed to initialize PMU

2025/04/26 (18:51:08) | ===> btop++ v.1.4.0
2025/04/26 (18:51:08) | WARNING: Intel GPU: Failed to initialize PMU

2025/04/26 (18:53:13) | ===> btop++ v.1.4.0
2025/04/26 (18:53:13) | WARNING: Intel GPU: Failed to initialize PMU

2025/04/26 (18:53:36) | ===> btop++ v.1.4.0
2025/04/26 (18:53:36) | WARNING: Intel GPU: Failed to initialize PMU

2025/04/26 (18:53:57) | ===> btop++ v.1.4.0
2025/04/26 (18:53:57) | WARNING: Intel GPU: Failed to initialize PMU

2025/04/26 (18:56:35) | ===> btop++ v.1.4.0
2025/04/26 (18:56:35) | WARNING: Intel GPU: Failed to initialize PMU

2025/04/26 (18:56:49) | ===> btop++ v.1.4.0
2025/04/26 (18:56:49) | WARNING: Intel GPU: Failed to initialize PMU

2025/04/26 (19:07:01) | ===> btop++ v.1.4.0
2025/04/26 (19:07:01) | WARNING: Intel GPU: Failed to initialize PMU

2025/04/26 (19:07:15) | ===> btop++ v.1.4.0
2025/04/26 (19:07:15) | WARNING: Intel GPU: Failed to initialize PMU

2025/04/26 (19:10:30) | ===> btop++ v.1.4.0
2025/04/26 (19:10:30) | WARNING: Intel GPU: Failed to initialize PMU

2025/04/26 (19:10:32) | ===> btop++ v.1.4.0
2025/04/26 (19:10:32) | WARNING: Intel GPU: Failed to initialize PMU

2025/04/26 (19:13:13) | ===> btop++ v.1.4.0
2025/04/26 (19:13:13) | WARNING: Intel GPU: Failed to initialize PMU

2025/04/26 (19:13:40) | ===> btop++ v.1.4.0
2025/04/26 (19:13:40) | WARNING: Intel GPU: Failed to initialize PMU

2025/04/26 (19:15:01) | ===> btop++ v.1.4.0
2025/04/26 (19:15:01) | WARNING: Intel GPU: Failed to initialize PMU

2025/04/26 (19:15:26) | ===> btop++ v.1.4.0
2025/04/26 (19:15:26) | WARNING: Intel GPU: Failed to initialize PMU

2025/04/26 (19:19:20) | ===> btop++ v.1.4.0
2025/04/26 (19:19:20) | WARNING: Intel GPU: Failed to initialize PMU

2025/04/26 (19:19:46) | ===> btop++ v.1.4.0
2025/04/26 (19:19:46) | WARNING: Intel GPU: Failed to initialize PMU

2025/04/26 (19:20:01) | ===> btop++ v.1.4.0
2025/04/26 (19:20:01) | WARNING: Intel GPU: Failed to initialize PMU

2025/04/26 (19:21:41) | ===> btop++ v.1.4.0
2025/04/26 (19:21:41) | WARNING: Intel GPU: Failed to initialize PMU

2025/04/26 (19:21:59) | ===> btop++ v.1.4.0
2025/04/26 (19:21:59) | WARNING: Intel GPU: Failed to initialize PMU

2025/04/26 (19:22:14) | ===> btop++ v.1.4.0
2025/04/26 (19:22:14) | WARNING: Intel GPU: Failed to initialize PMU

2025/04/26 (19:22:46) | ===> btop++ v.1.4.0
2025/04/26 (19:22:46) | WARNING: Intel GPU: Failed to initialize PMU

2025/04/26 (19:22:49) | ===> btop++ v.1.4.0
2025/04/26 (19:22:49) | WARNING: Intel GPU: Failed to initialize PMU

2025/04/26 (19:24:09) | ===> btop++ v.1.4.0
2025/04/26 (19:24:09) | WARNING: Intel GPU: Failed to initialize PMU

2025/04/26 (19:24:20) | ===> btop++ v.1.4.0
2025/04/26 (19:24:20) | WARNING: Intel GPU: Failed to initialize PMU

2025/04/26 (19:24:53) | ===> btop++ v.1.4.0
2025/04/26 (19:24:53) | WARNING: Intel GPU: Failed to initialize PMU

2025/04/26 (19:26:20) | ===> btop++ v.1.4.0
2025/04/26 (19:26:20) | WARNING: Intel GPU: Failed to initialize PMU

2025/04/26 (19:26:42) | ===> btop++ v.1.4.0
2025/04/26 (19:26:42) | WARNING: Intel GPU: Failed to initialize PMU

2025/04/26 (19:26:43) | ===> btop++ v.1.4.0
2025/04/26 (19:26:43) | WARNING: Intel GPU: Failed to initialize PMU

2025/04/26 (19:36:50) | ===> btop++ v.1.4.0
2025/04/26 (19:36:50) | WARNING: Intel GPU: Failed to initialize PMU

2025/04/26 (19:37:05) | ===> btop++ v.1.4.0
2025/04/26 (19:37:05) | WARNING: Intel GPU: Failed to initialize PMU

2025/04/26 (19:38:53) | ===> btop++ v.1.4.0
2025/04/26 (19:38:53) | WARNING: Intel GPU: Failed to initialize PMU

2025/04/26 (20:20:57) | ===> btop++ v.1.4.0
2025/04/26 (20:20:57) | WARNING: Intel GPU: Failed to initialize PMU

2025/04/26 (22:00:42) | ===> btop++ v.1.4.0
2025/04/26 (22:00:42) | WARNING: Intel GPU: Failed to initialize PMU

2025/04/26 (23:05:10) | ===> btop++ v.1.4.0
2025/04/26 (23:05:10) | WARNING: Intel GPU: Failed to initialize PMU

2025/04/26 (23:06:53) | ===> btop++ v.1.4.0
2025/04/26 (23:06:53) | WARNING: Intel GPU: Failed to initialize PMU

2025/04/26 (23:07:11) | ===> btop++ v.1.4.0
2025/04/26 (23:07:11) | WARNING: Intel GPU: Failed to initialize PMU

2025/04/26 (23:08:47) | ===> btop++ v.1.4.0
2025/04/26 (23:08:47) | WARNING: Intel GPU: Failed to initialize PMU

2025/04/26 (23:10:09) | ===> btop++ v.1.4.0
2025/04/26 (23:10:09) | WARNING: Intel GPU: Failed to initialize PMU

2025/04/27 (09:07:40) | ===> btop++ v.1.4.0
2025/04/27 (09:07:40) | WARNING: Intel GPU: Failed to initialize PMU

2025/04/27 (10:30:26) | ===> btop++ v.1.4.0
2025/04/27 (10:30:26) | WARNING: Intel GPU: Failed to initialize PMU

2025/04/27 (10:42:10) | ===> btop++ v.1.4.0
2025/04/27 (10:42:10) | WARNING: Intel GPU: Failed to initialize PMU

2025/04/27 (10:59:17) | ===> btop++ v.1.4.0
2025/04/27 (10:59:17) | WARNING: Intel GPU: Failed to initialize PMU

2025/04/27 (12:12:48) | ===> btop++ v.1.4.0
2025/04/27 (12:12:48) | WARNING: Intel GPU: Failed to initialize PMU

2025/04/27 (12:14:47) | ===> btop++ v.1.4.0
2025/04/27 (12:14:47) | WARNING: Intel GPU: Failed to initialize PMU
2025/04/27 (13:06:37) | ERROR: Couldn't determine terminal size of "STDOUT_FILENO"!

2025/04/27 (14:43:49) | ===> btop++ v.1.4.0
2025/04/27 (14:43:49) | WARNING: Intel GPU: Failed to initialize PMU

2025/04/27 (17:49:30) | ===> btop++ v.1.4.0
2025/04/27 (17:49:30) | WARNING: Intel GPU: Failed to initialize PMU

2025/04/27 (17:58:07) | ===> btop++ v.1.4.0
2025/04/27 (17:58:07) | WARNING: Intel GPU: Failed to initialize PMU

2025/04/27 (18:08:45) | ===> btop++ v.1.4.0
2025/04/27 (18:08:45) | WARNING: Intel GPU: Failed to initialize PMU

2025/04/27 (18:09:16) | ===> btop++ v.1.4.0
2025/04/27 (18:09:16) | WARNING: Intel GPU: Failed to initialize PMU

2025/04/27 (18:43:46) | ===> btop++ v.1.4.0
2025/04/27 (18:43:46) | WARNING: Intel GPU: Failed to initialize PMU

2025/04/27 (19:04:43) | ===> btop++ v.1.4.0
2025/04/27 (19:04:43) | WARNING: Intel GPU: Failed to initialize PMU

2025/04/27 (19:04:54) | ===> btop++ v.1.4.0
2025/04/27 (19:04:54) | WARNING: Intel GPU: Failed to initialize PMU

2025/04/27 (19:05:46) | ===> btop++ v.1.4.0
2025/04/27 (19:05:46) | WARNING: Intel GPU: Failed to initialize PMU

2025/04/27 (19:07:51) | ===> btop++ v.1.4.0
2025/04/27 (19:07:51) | WARNING: Intel GPU: Failed to initialize PMU

2025/04/27 (19:08:19) | ===> btop++ v.1.4.0
2025/04/27 (19:08:19) | WARNING: Intel GPU: Failed to initialize PMU

2025/04/27 (19:10:14) | ===> btop++ v.1.4.0
2025/04/27 (19:10:14) | WARNING: Intel GPU: Failed to initialize PMU

2025/04/27 (19:11:32) | ===> btop++ v.1.4.0
2025/04/27 (19:11:32) | WARNING: Intel GPU: Failed to initialize PMU

2025/04/27 (19:15:28) | ===> btop++ v.1.4.0
2025/04/27 (19:15:28) | WARNING: Intel GPU: Failed to initialize PMU

2025/04/27 (19:37:27) | ===> btop++ v.1.4.0
2025/04/27 (19:37:27) | WARNING: Intel GPU: Failed to initialize PMU

2025/04/27 (20:47:38) | ===> btop++ v.1.4.0
2025/04/27 (20:47:38) | WARNING: Intel GPU: Failed to initialize PMU

2025/04/27 (21:10:51) | ===> btop++ v.1.4.0
2025/04/27 (21:10:51) | WARNING: Intel GPU: Failed to initialize PMU

2025/04/27 (21:17:04) | ===> btop++ v.1.4.0
2025/04/27 (21:17:04) | WARNING: Intel GPU: Failed to initialize PMU

2025/04/27 (21:17:17) | ===> btop++ v.1.4.0
2025/04/27 (21:17:17) | WARNING: Intel GPU: Failed to initialize PMU

2025/04/27 (21:18:22) | ===> btop++ v.1.4.0
2025/04/27 (21:18:22) | WARNING: Intel GPU: Failed to initialize PMU

2025/04/27 (23:30:59) | ===> btop++ v.1.4.0
2025/04/27 (23:30:59) | WARNING: Intel GPU: Failed to initialize PMU

2025/04/28 (00:03:02) | ===> btop++ v.1.4.0
2025/04/28 (00:03:02) | WARNING: Intel GPU: Failed to initialize PMU

2025/04/28 (00:07:16) | ===> btop++ v.1.4.0
2025/04/28 (00:07:16) | WARNING: Intel GPU: Failed to initialize PMU

2025/04/28 (00:07:34) | ===> btop++ v.1.4.0
2025/04/28 (00:07:34) | WARNING: Intel GPU: Failed to initialize PMU

2025/04/28 (00:07:56) | ===> btop++ v.1.4.0
2025/04/28 (00:07:56) | WARNING: Intel GPU: Failed to initialize PMU

2025/04/28 (15:06:57) | ===> btop++ v.1.4.0
2025/04/28 (15:06:57) | WARNING: Intel GPU: Failed to initialize PMU

2025/04/28 (15:55:20) | ===> btop++ v.1.4.0
2025/04/28 (15:55:20) | WARNING: Intel GPU: Failed to initialize PMU

2025/04/28 (16:37:50) | ===> btop++ v.1.4.0
2025/04/28 (16:37:50) | WARNING: Intel GPU: Failed to initialize PMU

2025/04/28 (17:23:13) | ===> btop++ v.1.4.0
2025/04/28 (17:23:13) | WARNING: Intel GPU: Failed to initialize PMU

2025/04/28 (21:42:02) | ===> btop++ v.1.4.0
2025/04/28 (21:42:02) | WARNING: Intel GPU: Failed to initialize PMU

2025/04/28 (21:42:35) | ===> btop++ v.1.4.0
2025/04/28 (21:42:35) | WARNING: Intel GPU: Failed to initialize PMU

2025/04/28 (21:48:26) | ===> btop++ v.1.4.0
2025/04/28 (21:48:26) | WARNING: Intel GPU: Failed to initialize PMU

2025/04/28 (22:00:19) | ===> btop++ v.1.4.0
2025/04/28 (22:00:19) | WARNING: Intel GPU: Failed to initialize PMU

2025/04/28 (22:05:18) | ===> btop++ v.1.4.0
2025/04/28 (22:05:18) | WARNING: Intel GPU: Failed to initialize PMU
