[Saturday/June 07/06/2025 09:15:31] /mnt/media/CONTENT/The Simpsons/Season 2/The.Simpsons.S02E02.REPACK.1080p.WEBRip.x265-KONTRAST.mp4 | length=1389.9719166667 | time=0
[Saturday/June 07/06/2025 09:15:34] /mnt/media/CONTENT/The Simpsons/Season 2/The.Simpsons.S02E06.REPACK.1080p.WEBRip.x265-KONTRAST.mp4 | length=1390.272 | time=0
[Saturday/June 07/06/2025 09:15:34] /mnt/media/CONTENT/The Simpsons/Season 2/The.Simpsons.S02E18.REPACK.1080p.WEBRip.x265-KONTRAST.mp4 | length=1379.503125 | time=1309.224583
[Saturday/June 07/06/2025 09:15:43] /mnt/media/CONTENT/The Simpsons/Season 2/The.Simpsons.S02E11.REPACK.1080p.WEBRip.x265-KONTRAST.mp4 | length=1393.266875 | time=0.041708333333333
[Saturday/June 07/06/2025 09:15:44] /mnt/media/CONTENT/The Simpsons/Season 2/The.Simpsons.S02E21.REPACK.1080p.WEBRip.x265-KONTRAST.mp4 | length=1379.2111666667 | time=1316.56525
[Saturday/June 07/06/2025 09:15:44] /mnt/media/CONTENT/The Simpsons/Season 2/The.Simpsons.S02E08.REPACK.1080p.WEBRip.x265-KONTRAST.mp4 | length=1370.336 | time=0
[Saturday/June 07/06/2025 09:15:45] /mnt/media/CONTENT/The Simpsons/Season 2/The.Simpsons.S02E04.REPACK.1080p.WEBRip.x265-KONTRAST.mp4 | length=1393.152 | time=0
[Saturday/June 07/06/2025 09:15:45] /mnt/media/CONTENT/The Simpsons/Season 2/The.Simpsons.S02E12.REPACK.1080p.WEBRip.x265-KONTRAST.mp4 | length=1387.0940416667 | time=0
[Saturday/June 07/06/2025 09:15:50] /mnt/media/CONTENT/The Simpsons/Season 2/The.Simpsons.S02E20.REPACK.1080p.WEBRip.x265-KONTRAST.mp4 | length=1380.1704583333 | time=17.809458333333
[Saturday/June 07/06/2025 09:15:59] /mnt/media/CONTENT/The Simpsons/Season 2/The.Simpsons.S02E09.REPACK.1080p.WEBRip.x265-KONTRAST.mp4 | length=1389.728 | time=0
[Saturday/June 07/06/2025 09:29:44] /mnt/media/CONTENT/The Simpsons/Season 2/The.Simpsons.S02E22.REPACK.1080p.WEBRip.x265-KONTRAST.mp4 | length=1383.9242083333 | time=775.52475
[Saturday/June 07/06/2025 11:12:57] /mnt/media/CONTENT/The Simpsons/Season 2/The.Simpsons.S02E03.REPACK.1080p.WEBRip.x265-KONTRAST.mp4 | length=1395.616 | time=6.631625
[Saturday/June 07/06/2025 11:13:46] /mnt/media/CONTENT/The Simpsons/Season 2/The.Simpsons.S02E22.REPACK.1080p.WEBRip.x265-KONTRAST.mp4 | length=1383.9242083333 | time=1100.5577916667
[Sunday/June 08/06/2025 10:40:05] /mnt/media/CONTENT/The Simpsons/Season 3/The.Simpsons.S03E02.REPACK.1080p.WEBRip.x265-KONTRAST.mp4 | length=1378.304 | time=1340.4224166667
[Monday/June 09/06/2025 09:07:26] /mnt/media/CONTENT/The Simpsons/Season 3/The.Simpsons.S03E02.REPACK.1080p.WEBRip.x265-KONTRAST.mp4 | length=1378.304 | time=1343.467125
[Monday/June 09/06/2025 09:07:31] /mnt/media/CONTENT/The Simpsons/Season 3/The.Simpsons.S03E01.REPACK.1080p.WEBRip.x265-KONTRAST.mp4 | length=1381.3528333333 | time=1330.955
[Monday/June 09/06/2025 14:05:49] /mnt/media/CONTENT/The Simpsons/Season 3/The.Simpsons.S03E01.REPACK.1080p.WEBRip.x265-KONTRAST.mp4 | length=1381.3528333333 | time=1334.458
[Monday/June 09/06/2025 14:05:58] /mnt/media/CONTENT/The Simpsons/Season 3/The.Simpsons.S03E01.REPACK.1080p.WEBRip.x265-KONTRAST.mp4 | length=1381.3528333333 | time=1340.631
[Monday/June 09/06/2025 14:06:03] /mnt/media/CONTENT/The Simpsons/Season 3/The.Simpsons.S03E03.REPACK.1080p.WEBRip.x265-KONTRAST.mp4 | length=1379.503125 | time=1317.4828333333
[Thursday/June 12/06/2025 20:40:07] /home/iweye/Downloads/90's Chill Lofi ☕️ Study Music Lofi Rain Chillhop Beats ☔️ Lofi Rain Playlist - The Japanese Town.mp3 | length=42825.038367347 | time=3702.5877130404
[Thursday/June 12/06/2025 20:43:01] /home/iweye/Downloads/90's Chill Lofi ☕️ Study Music Lofi Rain Chillhop Beats ☔️ Lofi Rain Playlist - The Japanese Town.mp3 | length=42825.038367347 | time=3874.4499556732
[Thursday/June 12/06/2025 22:06:47] /home/iweye/Downloads/90's Chill Lofi ☕️ Study Music Lofi Rain Chillhop Beats ☔️ Lofi Rain Playlist - The Japanese Town.mp3 | length=42825.038367347 | time=24044.993385533
[Saturday/June 14/06/2025 18:02:40] /home/iweye/Downloads/ASAP Ferg - Floor Seats.mp3 | length=157.64897959184 | time=40.292619367347
[Wednesday/July 02/07/2025 10:12:49] /mnt/media/CONTENT/The Simpsons/Season 3/The.Simpsons.S03E03.REPACK.1080p.WEBRip.x265-KONTRAST.mp4 | length=1379.503125 | time=29.738041666667
[Wednesday/July 02/07/2025 10:13:18] /mnt/media/CONTENT/The Simpsons/Season 2/The.Simpsons.S02E22.REPACK.1080p.WEBRip.x265-KONTRAST.mp4 | length=1383.9242083333 | time=28.945583333333
[Wednesday/July 02/07/2025 10:13:37] /mnt/media/CONTENT/The Simpsons/Season 3/The.Simpsons.S03E03.REPACK.1080p.WEBRip.x265-KONTRAST.mp4 | length=1379.503125 | time=31.78175
[Wednesday/July 02/07/2025 10:13:57] /mnt/media/CONTENT/The Simpsons/Season 3/The.Simpsons.S03E04.REPACK.1080p.WEBRip.x265-KONTRAST.mp4 | length=1378.848 | time=1378.7940833333
[Wednesday/July 02/07/2025 10:14:07] /mnt/media/CONTENT/The Simpsons/Season 3/The.Simpsons.S03E05.REPACK.1080p.WEBRip.x265-KONTRAST.mp4 | length=1380.0453333333 | time=6.5065
[Wednesday/July 02/07/2025 10:50:13] /mnt/media/CONTENT/The Simpsons/Season 3/The.Simpsons.S03E04.REPACK.1080p.WEBRip.x265-KONTRAST.mp4 | length=1378.848 | time=1370.11875
[Wednesday/July 02/07/2025 13:01:42] /mnt/media/CONTENT/Mission - Impossible (1996)/Mission Impossible 1996 REMASTERED 1080p BluRay DDP5 1 x265 10bit GalaxyRG265.mkv | length=6610.938 | time=0
[Thursday/July 10/07/2025 13:13:37] /mnt/media/CONTENT/The Simpsons/Season 3/The.Simpsons.S03E04.REPACK.1080p.WEBRip.x265-KONTRAST.mp4 | length=1378.848 | time=1185.809625
[Thursday/July 10/07/2025 13:39:40] /mnt/media/CONTENT/The Simpsons/Season 3/The.Simpsons.S03E05.REPACK.1080p.WEBRip.x265-KONTRAST.mp4 | length=1380.0453333333 | time=1317.8999166667
[Friday/July 11/07/2025 09:10:10] /mnt/media/CONTENT/The Simpsons/Season 3/The.Simpsons.S03E05.REPACK.1080p.WEBRip.x265-KONTRAST.mp4 | length=1380.0453333333 | time=1319.8602083333
[Friday/July 11/07/2025 09:33:53] /mnt/media/CONTENT/The Simpsons/Season 3/The.Simpsons.S03E06.REPACK.1080p.WEBRip.x265-KONTRAST.mp4 | length=1380.3372916667 | time=1314.8969166667
[Friday/July 11/07/2025 10:01:13] /mnt/media/CONTENT/The Simpsons/Season 3/The.Simpsons.S03E07.REPACK.1080p.WEBRip.x265-KONTRAST.mp4 | length=1376.672 | time=1328.2435833333
[Friday/July 11/07/2025 12:03:45] /mnt/media/CONTENT/The Simpsons/Season 3/The.Simpsons.S03E08.REPACK.1080p.WEBRip.x265-KONTRAST.mp4 | length=1379.648 | time=1313.687375
[Thursday/July 17/07/2025 12:29:34] /mnt/media/CONTENT/The Simpsons/Season 3/The.Simpsons.S03E06.REPACK.1080p.WEBRip.x265-KONTRAST.mp4 | length=1380.3372916667 | time=1318.2752916667
[Thursday/July 17/07/2025 12:29:36] /mnt/media/CONTENT/The Simpsons/Season 3/The.Simpsons.S03E07.REPACK.1080p.WEBRip.x265-KONTRAST.mp4 | length=1376.672 | time=1329.8702083333
[Thursday/July 17/07/2025 12:29:38] /mnt/media/CONTENT/The Simpsons/Season 3/The.Simpsons.S03E08.REPACK.1080p.WEBRip.x265-KONTRAST.mp4 | length=1379.648 | time=1314.7300833333
[Thursday/July 17/07/2025 12:29:42] /mnt/media/CONTENT/The Simpsons/Season 3/The.Simpsons.S03E09.REPACK.1080p.WEBRip.x265-KONTRAST.mp4 | length=1376.384 | time=3.25325
[Thursday/July 17/07/2025 12:29:48] /mnt/media/CONTENT/The Simpsons/Season 3/The.Simpsons.S03E06.REPACK.1080p.WEBRip.x265-KONTRAST.mp4 | length=1380.3372916667 | time=1320.944625
[Thursday/July 17/07/2025 12:31:20] /mnt/media/CONTENT/The Simpsons/Season 3/The.Simpsons.S03E08.REPACK.1080p.WEBRip.x265-KONTRAST.mp4 | length=1379.648 | time=1315.8145
[Thursday/July 17/07/2025 12:31:22] /mnt/media/CONTENT/The Simpsons/Season 3/The.Simpsons.S03E09.REPACK.1080p.WEBRip.x265-KONTRAST.mp4 | length=1376.384 | time=4.1708333333333
[Saturday/July 19/07/2025 12:34:27] /home/iweye/Downloads/new_message-3.ogg | length=3.0038548752834 | time=1.2303514784581
[Saturday/July 19/07/2025 12:34:37] /home/iweye/Downloads/spokoynyiy-zvuk-poyavleniya-v-sisteme.ogg | length=1.8575963718821 | time=1.8220103718821
[Saturday/July 19/07/2025 12:34:37] /home/iweye/Downloads/vklyuchenie-starogo-knopochnogo-telefona.ogg | length=0.15092970521542 | time=0.10331270521542
[Saturday/July 19/07/2025 12:34:38] /home/iweye/Downloads/zvonkiy-korotkiy-zvuk-uvedomleniya.ogg | length=2.0143310657596 | time=0.55983031746032
[Saturday/July 19/07/2025 12:34:43] /home/iweye/Downloads/new_message-3.ogg | length=3.0038548752834 | time=2.9541348752834
[Saturday/July 19/07/2025 12:34:43] /home/iweye/Downloads/nizkiy-korotkiy-zvukovoy-signal.ogg | length=0.12297052154195 | time=0.07853952154195
[Saturday/July 19/07/2025 12:34:43] /home/iweye/Downloads/odnoklassniki_-_zvuk_soobscheniy.ogg | length=0.83510204081633 | time=0.10659924716553
